{"meta": {"format": 3, "version": "7.9.2", "timestamp": "2025-07-14T04:12:44.756703", "branch_coverage": true, "show_contexts": false}, "files": {"reservoirpy/__init__.py": {"executed_lines": [1, 2, 3, 5, 6, 7, 8, 9, 10, 11, 12, 13, 15, 17, 18, 24], "summary": {"covered_lines": 15, "num_statements": 15, "percent_covered": 100.0, "percent_covered_display": "100", "missing_lines": 0, "excluded_lines": 5, "num_branches": 0, "num_partial_branches": 0, "covered_branches": 0, "missing_branches": 0}, "missing_lines": [], "excluded_lines": [18, 19, 20, 21, 22], "executed_branches": [], "missing_branches": [], "functions": {"": {"executed_lines": [1, 2, 3, 5, 6, 7, 8, 9, 10, 11, 12, 13, 15, 17, 18, 24], "summary": {"covered_lines": 15, "num_statements": 15, "percent_covered": 100.0, "percent_covered_display": "100", "missing_lines": 0, "excluded_lines": 5, "num_branches": 0, "num_partial_branches": 0, "covered_branches": 0, "missing_branches": 0}, "missing_lines": [], "excluded_lines": [18, 19, 20, 21, 22], "executed_branches": [], "missing_branches": []}}, "classes": {"": {"executed_lines": [1, 2, 3, 5, 6, 7, 8, 9, 10, 11, 12, 13, 15, 17, 18, 24], "summary": {"covered_lines": 15, "num_statements": 15, "percent_covered": 100.0, "percent_covered_display": "100", "missing_lines": 0, "excluded_lines": 5, "num_branches": 0, "num_partial_branches": 0, "covered_branches": 0, "missing_branches": 0}, "missing_lines": [], "excluded_lines": [18, 19, 20, 21, 22], "executed_branches": [], "missing_branches": []}}}, "reservoirpy/_base.py": {"executed_lines": [4, 5, 6, 7, 9, 11, 12, 13, 16, 19, 20, 21, 22, 23, 26, 30, 32, 33, 34, 35, 39, 40, 41, 44, 51, 53, 54, 56, 59, 62, 63, 64, 68, 69, 70, 74, 78, 86, 87, 88, 89, 92, 93, 94, 95, 96, 97, 98, 106, 107, 109, 110, 111, 112, 113, 115, 117, 123, 125, 127, 128, 129, 131, 132, 133, 134, 135, 136, 143, 144, 150, 153, 154, 155, 169, 170, 171, 172, 173, 180, 181, 191, 195, 198, 209, 210, 212, 214, 215, 216, 218, 220, 221, 223, 224, 226, 228, 234, 235, 236, 242, 246, 248, 249, 251, 253, 263, 269, 270, 271, 277, 281, 283, 293, 294, 296, 299, 301, 302, 303, 305, 310, 312, 317, 356, 357, 360, 361, 364, 366, 377, 378, 380, 381, 382, 386, 387, 388, 390, 401, 404, 405, 406, 407, 408, 414, 416, 417, 419, 420, 421, 422, 424, 425, 426, 428, 429, 430, 432, 433, 434, 436, 439, 440, 441, 443, 444, 445, 447, 448, 450, 451, 453, 454, 457, 459, 461, 463, 464, 466, 467, 468, 469, 470, 471, 472, 473, 481, 482, 484, 485, 486, 488, 489, 490, 492, 493, 494, 495, 501, 503, 506, 507, 508, 509, 510, 511, 515, 517, 518, 524, 527, 529, 530, 531, 532, 534, 537, 549, 550, 556, 557, 558, 559, 561, 562, 563, 564, 565, 567, 568, 570, 572, 573, 575, 576, 578, 580, 583, 584, 586, 587, 588, 590, 591, 592, 593, 595, 596, 597, 598, 599, 600, 602, 603, 604, 607, 609, 610, 611, 612, 613, 615, 616, 617, 618, 619, 620, 621, 623, 625, 626, 628, 629, 631, 633, 634, 636, 638, 639, 641, 643, 644, 645, 646, 647, 649, 656, 657, 659, 660, 662, 664, 665, 669, 670, 672, 674, 675, 677, 679, 680, 681, 683, 684, 685, 688, 689, 690, 693, 694, 695, 698, 699, 700, 703, 704, 705, 708, 709, 710, 713, 714, 715, 718, 726, 727, 732, 733, 736, 737, 740, 741, 742, 745, 746, 747], "summary": {"covered_lines": 330, "num_statements": 343, "percent_covered": 95.33468559837728, "percent_covered_display": "95", "missing_lines": 13, "excluded_lines": 20, "num_branches": 150, "num_partial_branches": 6, "covered_branches": 140, "missing_branches": 10}, "missing_lines": [189, 455, 513, 605, 606, 650, 666, 667, 719, 720, 721, 722, 724], "excluded_lines": [161, 162, 595, 596, 597, 598, 599, 600, 686, 691, 696, 701, 706, 711, 716, 730, 734, 738, 743, 750], "executed_branches": [[20, 21], [20, 23], [21, 20], [21, 22], [39, 40], [39, 41], [53, 54], [53, 56], [62, 63], [62, 74], [63, 64], [63, 68], [68, 69], [68, 74], [69, 68], [69, 70], [86, 87], [86, 169], [87, 88], [87, 89], [92, 93], [92, 127], [93, 94], [93, 125], [96, 97], [96, 117], [106, 107], [106, 109], [110, 111], [110, 112], [112, 113], [112, 115], [117, 123], [117, 195], [128, 129], [128, 131], [131, 132], [131, 143], [132, 133], [132, 134], [135, 136], [135, 195], [143, 144], [143, 150], [154, 155], [154, 195], [169, 170], [169, 191], [171, 172], [171, 195], [172, 173], [172, 180], [180, 181], [214, 215], [214, 263], [215, 216], [215, 218], [220, 221], [220, 293], [221, 223], [221, 228], [223, 224], [223, 226], [228, 234], [228, 248], [234, 235], [234, 246], [235, 236], [235, 242], [248, 249], [248, 251], [263, 269], [263, 283], [269, 270], [269, 281], [270, 271], [270, 277], [293, 294], [293, 296], [302, 303], [302, 305], [305, 310], [305, 312], [356, 357], [356, 360], [360, 361], [360, 364], [378, 380], [378, 401], [380, 381], [380, 386], [387, 388], [387, 390], [420, 421], [420, 422], [439, 440], [439, 443], [443, 444], [443, 459], [444, 445], [444, 453], [447, 448], [447, 450], [454, 457], [467, 468], [467, 492], [468, 469], [468, 481], [469, 468], [469, 470], [484, 485], [485, 486], [485, 488], [506, 507], [506, 515], [508, 509], [508, 510], [510, 511], [558, 559], [558, 580], [562, 563], [562, 564], [564, 565], [564, 567], [567, 568], [567, 570], [572, 573], [572, 575], [575, 576], [575, 578], [604, 607], [616, 617], [616, 618], [618, 619], [618, 620], [620, 621], [620, 623], [644, 645], [644, 649], [649, 656]], "missing_branches": [[180, 189], [454, 455], [484, 501], [510, 513], [604, 605], [649, 650], [719, 720], [719, 721], [721, 722], [721, 724]], "functions": {"_distant_model_inputs": {"executed_lines": [19, 20, 21, 22, 23], "summary": {"covered_lines": 5, "num_statements": 5, "percent_covered": 100.0, "percent_covered_display": "100", "missing_lines": 0, "excluded_lines": 0, "num_branches": 4, "num_partial_branches": 0, "covered_branches": 4, "missing_branches": 0}, "missing_lines": [], "excluded_lines": [], "executed_branches": [[20, 21], [20, 23], [21, 20], [21, 22]], "missing_branches": []}, "_remove_input_for_feedback": {"executed_lines": [30, 32, 33, 34, 35, 39, 40, 41], "summary": {"covered_lines": 8, "num_statements": 8, "percent_covered": 100.0, "percent_covered_display": "100", "missing_lines": 0, "excluded_lines": 0, "num_branches": 2, "num_partial_branches": 0, "covered_branches": 2, "missing_branches": 0}, "missing_lines": [], "excluded_lines": [], "executed_branches": [[39, 40], [39, 41]], "missing_branches": []}, "check_one_sequence": {"executed_lines": [51, 53, 54, 56, 59, 62, 63, 64, 68, 69, 70, 74], "summary": {"covered_lines": 12, "num_statements": 12, "percent_covered": 100.0, "percent_covered_display": "100", "missing_lines": 0, "excluded_lines": 0, "num_branches": 10, "num_partial_branches": 0, "covered_branches": 10, "missing_branches": 0}, "missing_lines": [], "excluded_lines": [], "executed_branches": [[53, 54], [53, 56], [62, 63], [62, 74], [63, 64], [63, 68], [68, 69], [68, 74], [69, 68], [69, 70]], "missing_branches": []}, "check_n_sequences": {"executed_lines": [86, 87, 88, 89, 92, 93, 94, 95, 96, 97, 98, 106, 107, 109, 110, 111, 112, 113, 115, 117, 123, 125, 127, 128, 129, 131, 132, 133, 134, 135, 136, 143, 144, 150, 153, 154, 155, 169, 170, 171, 172, 173, 180, 181, 191, 195], "summary": {"covered_lines": 46, "num_statements": 47, "percent_covered": 97.6470588235294, "percent_covered_display": "98", "missing_lines": 1, "excluded_lines": 2, "num_branches": 38, "num_partial_branches": 1, "covered_branches": 37, "missing_branches": 1}, "missing_lines": [189], "excluded_lines": [161, 162], "executed_branches": [[86, 87], [86, 169], [87, 88], [87, 89], [92, 93], [92, 127], [93, 94], [93, 125], [96, 97], [96, 117], [106, 107], [106, 109], [110, 111], [110, 112], [112, 113], [112, 115], [117, 123], [117, 195], [128, 129], [128, 131], [131, 132], [131, 143], [132, 133], [132, 134], [135, 136], [135, 195], [143, 144], [143, 150], [154, 155], [154, 195], [169, 170], [169, 191], [171, 172], [171, 195], [172, 173], [172, 180], [180, 181]], "missing_branches": [[180, 189]]}, "_check_node_io": {"executed_lines": [209, 210, 212, 214, 215, 216, 218, 220, 221, 223, 224, 226, 228, 234, 235, 236, 242, 246, 248, 249, 251, 253, 263, 269, 270, 271, 277, 281, 283, 293, 294, 296], "summary": {"covered_lines": 32, "num_statements": 32, "percent_covered": 100.0, "percent_covered_display": "100", "missing_lines": 0, "excluded_lines": 0, "num_branches": 26, "num_partial_branches": 0, "covered_branches": 26, "missing_branches": 0}, "missing_lines": [], "excluded_lines": [], "executed_branches": [[214, 215], [214, 263], [215, 216], [215, 218], [220, 221], [220, 293], [221, 223], [221, 228], [223, 224], [223, 226], [228, 234], [228, 248], [234, 235], [234, 246], [235, 236], [235, 242], [248, 249], [248, 251], [263, 269], [263, 283], [269, 270], [269, 281], [270, 271], [270, 277], [293, 294], [293, 296]], "missing_branches": []}, "register_teacher": {"executed_lines": [301, 302, 303, 305, 310, 312], "summary": {"covered_lines": 6, "num_statements": 6, "percent_covered": 100.0, "percent_covered_display": "100", "missing_lines": 0, "excluded_lines": 0, "num_branches": 4, "num_partial_branches": 0, "covered_branches": 4, "missing_branches": 0}, "missing_lines": [], "excluded_lines": [], "executed_branches": [[302, 303], [302, 305], [305, 310], [305, 312]], "missing_branches": []}, "check_xy": {"executed_lines": [356, 357, 360, 361, 364, 366, 377, 378, 380, 381, 382, 386, 387, 388, 390, 401], "summary": {"covered_lines": 16, "num_statements": 16, "percent_covered": 100.0, "percent_covered_display": "100", "missing_lines": 0, "excluded_lines": 0, "num_branches": 10, "num_partial_branches": 0, "covered_branches": 10, "missing_branches": 0}, "missing_lines": [], "excluded_lines": [], "executed_branches": [[356, 357], [356, 360], [360, 361], [360, 364], [378, 380], [378, 401], [380, 381], [380, 386], [387, 388], [387, 390]], "missing_branches": []}, "DistantFeedback.__init__": {"executed_lines": [406, 407, 408, 414, 416, 417], "summary": {"covered_lines": 6, "num_statements": 6, "percent_covered": 100.0, "percent_covered_display": "100", "missing_lines": 0, "excluded_lines": 0, "num_branches": 0, "num_partial_branches": 0, "covered_branches": 0, "missing_branches": 0}, "missing_lines": [], "excluded_lines": [], "executed_branches": [], "missing_branches": []}, "DistantFeedback.__call__": {"executed_lines": [420, 421, 422], "summary": {"covered_lines": 3, "num_statements": 3, "percent_covered": 100.0, "percent_covered_display": "100", "missing_lines": 0, "excluded_lines": 0, "num_branches": 2, "num_partial_branches": 0, "covered_branches": 2, "missing_branches": 0}, "missing_lines": [], "excluded_lines": [], "executed_branches": [[420, 421], [420, 422]], "missing_branches": []}, "DistantFeedback.is_initialized": {"executed_lines": [426], "summary": {"covered_lines": 1, "num_statements": 1, "percent_covered": 100.0, "percent_covered_display": "100", "missing_lines": 0, "excluded_lines": 0, "num_branches": 0, "num_partial_branches": 0, "covered_branches": 0, "missing_branches": 0}, "missing_lines": [], "excluded_lines": [], "executed_branches": [], "missing_branches": []}, "DistantFeedback.output_dim": {"executed_lines": [430], "summary": {"covered_lines": 1, "num_statements": 1, "percent_covered": 100.0, "percent_covered_display": "100", "missing_lines": 0, "excluded_lines": 0, "num_branches": 0, "num_partial_branches": 0, "covered_branches": 0, "missing_branches": 0}, "missing_lines": [], "excluded_lines": [], "executed_branches": [], "missing_branches": []}, "DistantFeedback.name": {"executed_lines": [434], "summary": {"covered_lines": 1, "num_statements": 1, "percent_covered": 100.0, "percent_covered_display": "100", "missing_lines": 0, "excluded_lines": 0, "num_branches": 0, "num_partial_branches": 0, "covered_branches": 0, "missing_branches": 0}, "missing_lines": [], "excluded_lines": [], "executed_branches": [], "missing_branches": []}, "DistantFeedback.call_distant_node": {"executed_lines": [439, 440, 441, 443, 444, 445, 447, 448, 450, 451, 453, 454, 457, 459], "summary": {"covered_lines": 14, "num_statements": 15, "percent_covered": 92.0, "percent_covered_display": "92", "missing_lines": 1, "excluded_lines": 0, "num_branches": 10, "num_partial_branches": 1, "covered_branches": 9, "missing_branches": 1}, "missing_lines": [455], "excluded_lines": [], "executed_branches": [[439, 440], [439, 443], [443, 444], [443, 459], [444, 445], [444, 453], [447, 448], [447, 450], [454, 457]], "missing_branches": [[454, 455]]}, "DistantFeedback.initialize": {"executed_lines": [463, 464, 466, 467, 468, 469, 470, 471, 472, 473, 481, 482, 484, 485, 486, 488, 489, 490, 492, 493, 494, 495, 501], "summary": {"covered_lines": 23, "num_statements": 23, "percent_covered": 96.96969696969697, "percent_covered_display": "97", "missing_lines": 0, "excluded_lines": 0, "num_branches": 10, "num_partial_branches": 1, "covered_branches": 9, "missing_branches": 1}, "missing_lines": [], "excluded_lines": [], "executed_branches": [[467, 468], [467, 492], [468, 469], [468, 481], [469, 468], [469, 470], [484, 485], [485, 486], [485, 488]], "missing_branches": [[484, 501]]}, "DistantFeedback.zero_feedback": {"executed_lines": [506, 507, 508, 509, 510, 511, 515], "summary": {"covered_lines": 7, "num_statements": 8, "percent_covered": 85.71428571428571, "percent_covered_display": "86", "missing_lines": 1, "excluded_lines": 0, "num_branches": 6, "num_partial_branches": 1, "covered_branches": 5, "missing_branches": 1}, "missing_lines": [513], "excluded_lines": [], "executed_branches": [[506, 507], [506, 515], [508, 509], [508, 510], [510, 511]], "missing_branches": [[510, 513]]}, "DistantFeedback.clamp": {"executed_lines": [518, 524], "summary": {"covered_lines": 2, "num_statements": 2, "percent_covered": 100.0, "percent_covered_display": "100", "missing_lines": 0, "excluded_lines": 0, "num_branches": 0, "num_partial_branches": 0, "covered_branches": 0, "missing_branches": 0}, "missing_lines": [], "excluded_lines": [], "executed_branches": [], "missing_branches": []}, "call": {"executed_lines": [529, 530, 531, 532, 534], "summary": {"covered_lines": 5, "num_statements": 5, "percent_covered": 100.0, "percent_covered_display": "100", "missing_lines": 0, "excluded_lines": 0, "num_branches": 0, "num_partial_branches": 0, "covered_branches": 0, "missing_branches": 0}, "missing_lines": [], "excluded_lines": [], "executed_branches": [], "missing_branches": []}, "train": {"executed_lines": [549, 550, 556, 557, 558, 559, 561, 562, 563, 564, 565, 567, 568, 570, 572, 573, 575, 576, 578, 580], "summary": {"covered_lines": 20, "num_statements": 20, "percent_covered": 100.0, "percent_covered_display": "100", "missing_lines": 0, "excluded_lines": 0, "num_branches": 12, "num_partial_branches": 0, "covered_branches": 12, "missing_branches": 0}, "missing_lines": [], "excluded_lines": [], "executed_branches": [[558, 559], [558, 580], [562, 563], [562, 564], [564, 565], [564, 567], [567, 568], [567, 570], [572, 573], [572, 575], [575, 576], [575, 578]], "missing_branches": []}, "_Node.__init_subclass__": {"executed_lines": [591, 592, 593], "summary": {"covered_lines": 3, "num_statements": 3, "percent_covered": 100.0, "percent_covered_display": "100", "missing_lines": 0, "excluded_lines": 0, "num_branches": 0, "num_partial_branches": 0, "covered_branches": 0, "missing_branches": 0}, "missing_lines": [], "excluded_lines": [], "executed_branches": [], "missing_branches": []}, "_Node.__repr__": {"executed_lines": [596, 597, 598, 599, 600], "summary": {"covered_lines": 0, "num_statements": 0, "percent_covered": 100.0, "percent_covered_display": "100", "missing_lines": 0, "excluded_lines": 5, "num_branches": 0, "num_partial_branches": 0, "covered_branches": 0, "missing_branches": 0}, "missing_lines": [], "excluded_lines": [596, 597, 598, 599, 600], "executed_branches": [], "missing_branches": []}, "_Node.__setstate__": {"executed_lines": [603, 604, 607], "summary": {"covered_lines": 3, "num_statements": 5, "percent_covered": 57.142857142857146, "percent_covered_display": "57", "missing_lines": 2, "excluded_lines": 0, "num_branches": 2, "num_partial_branches": 1, "covered_branches": 1, "missing_branches": 1}, "missing_lines": [605, 606], "excluded_lines": [], "executed_branches": [[604, 607]], "missing_branches": [[604, 605]]}, "_Node.__del__": {"executed_lines": [610, 611, 612, 613], "summary": {"covered_lines": 4, "num_statements": 4, "percent_covered": 100.0, "percent_covered_display": "100", "missing_lines": 0, "excluded_lines": 0, "num_branches": 0, "num_partial_branches": 0, "covered_branches": 0, "missing_branches": 0}, "missing_lines": [], "excluded_lines": [], "executed_branches": [], "missing_branches": []}, "_Node.__getattr__": {"executed_lines": [616, 617, 618, 619, 620, 621, 623], "summary": {"covered_lines": 7, "num_statements": 7, "percent_covered": 100.0, "percent_covered_display": "100", "missing_lines": 0, "excluded_lines": 0, "num_branches": 6, "num_partial_branches": 0, "covered_branches": 6, "missing_branches": 0}, "missing_lines": [], "excluded_lines": [], "executed_branches": [[616, 617], [616, 618], [618, 619], [618, 620], [620, 621], [620, 623]], "missing_branches": []}, "_Node.__call__": {"executed_lines": [626], "summary": {"covered_lines": 1, "num_statements": 1, "percent_covered": 100.0, "percent_covered_display": "100", "missing_lines": 0, "excluded_lines": 0, "num_branches": 0, "num_partial_branches": 0, "covered_branches": 0, "missing_branches": 0}, "missing_lines": [], "excluded_lines": [], "executed_branches": [], "missing_branches": []}, "_Node.__rshift__": {"executed_lines": [629, 631], "summary": {"covered_lines": 2, "num_statements": 2, "percent_covered": 100.0, "percent_covered_display": "100", "missing_lines": 0, "excluded_lines": 0, "num_branches": 0, "num_partial_branches": 0, "covered_branches": 0, "missing_branches": 0}, "missing_lines": [], "excluded_lines": [], "executed_branches": [], "missing_branches": []}, "_Node.__rrshift__": {"executed_lines": [634, 636], "summary": {"covered_lines": 2, "num_statements": 2, "percent_covered": 100.0, "percent_covered_display": "100", "missing_lines": 0, "excluded_lines": 0, "num_branches": 0, "num_partial_branches": 0, "covered_branches": 0, "missing_branches": 0}, "missing_lines": [], "excluded_lines": [], "executed_branches": [], "missing_branches": []}, "_Node.__and__": {"executed_lines": [639, 641], "summary": {"covered_lines": 2, "num_statements": 2, "percent_covered": 100.0, "percent_covered_display": "100", "missing_lines": 0, "excluded_lines": 0, "num_branches": 0, "num_partial_branches": 0, "covered_branches": 0, "missing_branches": 0}, "missing_lines": [], "excluded_lines": [], "executed_branches": [], "missing_branches": []}, "_Node._get_name": {"executed_lines": [644, 645, 646, 647, 649, 656, 657], "summary": {"covered_lines": 7, "num_statements": 8, "percent_covered": 83.33333333333333, "percent_covered_display": "83", "missing_lines": 1, "excluded_lines": 0, "num_branches": 4, "num_partial_branches": 1, "covered_branches": 3, "missing_branches": 1}, "missing_lines": [650], "excluded_lines": [], "executed_branches": [[644, 645], [644, 649], [649, 656]], "missing_branches": [[649, 650]]}, "_Node.name": {"executed_lines": [], "summary": {"covered_lines": 0, "num_statements": 2, "percent_covered": 0.0, "percent_covered_display": "0", "missing_lines": 2, "excluded_lines": 0, "num_branches": 0, "num_partial_branches": 0, "covered_branches": 0, "missing_branches": 0}, "missing_lines": [666, 667], "excluded_lines": [], "executed_branches": [], "missing_branches": []}, "_Node.params": {"executed_lines": [672], "summary": {"covered_lines": 1, "num_statements": 1, "percent_covered": 100.0, "percent_covered_display": "100", "missing_lines": 0, "excluded_lines": 0, "num_branches": 0, "num_partial_branches": 0, "covered_branches": 0, "missing_branches": 0}, "missing_lines": [], "excluded_lines": [], "executed_branches": [], "missing_branches": []}, "_Node.hypers": {"executed_lines": [677], "summary": {"covered_lines": 1, "num_statements": 1, "percent_covered": 100.0, "percent_covered_display": "100", "missing_lines": 0, "excluded_lines": 0, "num_branches": 0, "num_partial_branches": 0, "covered_branches": 0, "missing_branches": 0}, "missing_lines": [], "excluded_lines": [], "executed_branches": [], "missing_branches": []}, "_Node.is_initialized": {"executed_lines": [681], "summary": {"covered_lines": 1, "num_statements": 1, "percent_covered": 100.0, "percent_covered_display": "100", "missing_lines": 0, "excluded_lines": 0, "num_branches": 0, "num_partial_branches": 0, "covered_branches": 0, "missing_branches": 0}, "missing_lines": [], "excluded_lines": [], "executed_branches": [], "missing_branches": []}, "_Node.input_dim": {"executed_lines": [], "summary": {"covered_lines": 0, "num_statements": 0, "percent_covered": 100.0, "percent_covered_display": "100", "missing_lines": 0, "excluded_lines": 1, "num_branches": 0, "num_partial_branches": 0, "covered_branches": 0, "missing_branches": 0}, "missing_lines": [], "excluded_lines": [686], "executed_branches": [], "missing_branches": []}, "_Node.output_dim": {"executed_lines": [], "summary": {"covered_lines": 0, "num_statements": 0, "percent_covered": 100.0, "percent_covered_display": "100", "missing_lines": 0, "excluded_lines": 1, "num_branches": 0, "num_partial_branches": 0, "covered_branches": 0, "missing_branches": 0}, "missing_lines": [], "excluded_lines": [691], "executed_branches": [], "missing_branches": []}, "_Node.is_trained_offline": {"executed_lines": [], "summary": {"covered_lines": 0, "num_statements": 0, "percent_covered": 100.0, "percent_covered_display": "100", "missing_lines": 0, "excluded_lines": 1, "num_branches": 0, "num_partial_branches": 0, "covered_branches": 0, "missing_branches": 0}, "missing_lines": [], "excluded_lines": [696], "executed_branches": [], "missing_branches": []}, "_Node.is_trained_online": {"executed_lines": [], "summary": {"covered_lines": 0, "num_statements": 0, "percent_covered": 100.0, "percent_covered_display": "100", "missing_lines": 0, "excluded_lines": 1, "num_branches": 0, "num_partial_branches": 0, "covered_branches": 0, "missing_branches": 0}, "missing_lines": [], "excluded_lines": [701], "executed_branches": [], "missing_branches": []}, "_Node.is_trainable": {"executed_lines": [], "summary": {"covered_lines": 0, "num_statements": 0, "percent_covered": 100.0, "percent_covered_display": "100", "missing_lines": 0, "excluded_lines": 1, "num_branches": 0, "num_partial_branches": 0, "covered_branches": 0, "missing_branches": 0}, "missing_lines": [], "excluded_lines": [716], "executed_branches": [], "missing_branches": []}, "_Node.fitted": {"executed_lines": [], "summary": {"covered_lines": 0, "num_statements": 0, "percent_covered": 100.0, "percent_covered_display": "100", "missing_lines": 0, "excluded_lines": 1, "num_branches": 0, "num_partial_branches": 0, "covered_branches": 0, "missing_branches": 0}, "missing_lines": [], "excluded_lines": [711], "executed_branches": [], "missing_branches": []}, "_Node.get_param": {"executed_lines": [], "summary": {"covered_lines": 0, "num_statements": 5, "percent_covered": 0.0, "percent_covered_display": "0", "missing_lines": 5, "excluded_lines": 0, "num_branches": 4, "num_partial_branches": 0, "covered_branches": 0, "missing_branches": 4}, "missing_lines": [719, 720, 721, 722, 724], "excluded_lines": [], "executed_branches": [], "missing_branches": [[719, 720], [719, 721], [721, 722], [721, 724]]}, "_Node.copy": {"executed_lines": [], "summary": {"covered_lines": 0, "num_statements": 0, "percent_covered": 100.0, "percent_covered_display": "100", "missing_lines": 0, "excluded_lines": 1, "num_branches": 0, "num_partial_branches": 0, "covered_branches": 0, "missing_branches": 0}, "missing_lines": [], "excluded_lines": [730], "executed_branches": [], "missing_branches": []}, "_Node.initialize": {"executed_lines": [], "summary": {"covered_lines": 0, "num_statements": 0, "percent_covered": 100.0, "percent_covered_display": "100", "missing_lines": 0, "excluded_lines": 1, "num_branches": 0, "num_partial_branches": 0, "covered_branches": 0, "missing_branches": 0}, "missing_lines": [], "excluded_lines": [734], "executed_branches": [], "missing_branches": []}, "_Node.reset": {"executed_lines": [], "summary": {"covered_lines": 0, "num_statements": 0, "percent_covered": 100.0, "percent_covered_display": "100", "missing_lines": 0, "excluded_lines": 1, "num_branches": 0, "num_partial_branches": 0, "covered_branches": 0, "missing_branches": 0}, "missing_lines": [], "excluded_lines": [738], "executed_branches": [], "missing_branches": []}, "_Node.with_state": {"executed_lines": [], "summary": {"covered_lines": 0, "num_statements": 0, "percent_covered": 100.0, "percent_covered_display": "100", "missing_lines": 0, "excluded_lines": 1, "num_branches": 0, "num_partial_branches": 0, "covered_branches": 0, "missing_branches": 0}, "missing_lines": [], "excluded_lines": [743], "executed_branches": [], "missing_branches": []}, "_Node.with_feedback": {"executed_lines": [], "summary": {"covered_lines": 0, "num_statements": 0, "percent_covered": 100.0, "percent_covered_display": "100", "missing_lines": 0, "excluded_lines": 1, "num_branches": 0, "num_partial_branches": 0, "covered_branches": 0, "missing_branches": 0}, "missing_lines": [], "excluded_lines": [750], "executed_branches": [], "missing_branches": []}, "": {"executed_lines": [4, 5, 6, 7, 9, 11, 12, 13, 16, 26, 44, 78, 198, 299, 317, 404, 405, 419, 424, 425, 428, 429, 432, 433, 436, 461, 503, 517, 527, 537, 583, 584, 586, 587, 588, 590, 595, 602, 609, 615, 625, 628, 633, 638, 643, 659, 660, 664, 665, 669, 670, 674, 675, 679, 680, 683, 684, 685, 688, 689, 690, 693, 694, 695, 698, 699, 700, 703, 704, 705, 708, 709, 710, 713, 714, 715, 718, 726, 727, 732, 733, 736, 737, 740, 741, 742, 745, 746, 747], "summary": {"covered_lines": 87, "num_statements": 87, "percent_covered": 100.0, "percent_covered_display": "100", "missing_lines": 0, "excluded_lines": 1, "num_branches": 0, "num_partial_branches": 0, "covered_branches": 0, "missing_branches": 0}, "missing_lines": [], "excluded_lines": [595], "executed_branches": [], "missing_branches": []}}, "classes": {"DistantFeedback": {"executed_lines": [406, 407, 408, 414, 416, 417, 420, 421, 422, 426, 430, 434, 439, 440, 441, 443, 444, 445, 447, 448, 450, 451, 453, 454, 457, 459, 463, 464, 466, 467, 468, 469, 470, 471, 472, 473, 481, 482, 484, 485, 486, 488, 489, 490, 492, 493, 494, 495, 501, 506, 507, 508, 509, 510, 511, 515, 518, 524], "summary": {"covered_lines": 58, "num_statements": 60, "percent_covered": 94.31818181818181, "percent_covered_display": "94", "missing_lines": 2, "excluded_lines": 0, "num_branches": 28, "num_partial_branches": 3, "covered_branches": 25, "missing_branches": 3}, "missing_lines": [455, 513], "excluded_lines": [], "executed_branches": [[420, 421], [420, 422], [439, 440], [439, 443], [443, 444], [443, 459], [444, 445], [444, 453], [447, 448], [447, 450], [454, 457], [467, 468], [467, 492], [468, 469], [468, 481], [469, 468], [469, 470], [484, 485], [485, 486], [485, 488], [506, 507], [506, 515], [508, 509], [508, 510], [510, 511]], "missing_branches": [[454, 455], [484, 501], [510, 513]]}, "_Node": {"executed_lines": [591, 592, 593, 596, 597, 598, 599, 600, 603, 604, 607, 610, 611, 612, 613, 616, 617, 618, 619, 620, 621, 623, 626, 629, 631, 634, 636, 639, 641, 644, 645, 646, 647, 649, 656, 657, 662, 672, 677, 681], "summary": {"covered_lines": 35, "num_statements": 45, "percent_covered": 73.77049180327869, "percent_covered_display": "74", "missing_lines": 10, "excluded_lines": 17, "num_branches": 16, "num_partial_branches": 2, "covered_branches": 10, "missing_branches": 6}, "missing_lines": [605, 606, 650, 666, 667, 719, 720, 721, 722, 724], "excluded_lines": [596, 597, 598, 599, 600, 686, 691, 696, 701, 706, 711, 716, 730, 734, 738, 743, 750], "executed_branches": [[604, 607], [616, 617], [616, 618], [618, 619], [618, 620], [620, 621], [620, 623], [644, 645], [644, 649], [649, 656]], "missing_branches": [[604, 605], [649, 650], [719, 720], [719, 721], [721, 722], [721, 724]]}, "": {"executed_lines": [4, 5, 6, 7, 9, 11, 12, 13, 16, 19, 20, 21, 22, 23, 26, 30, 32, 33, 34, 35, 39, 40, 41, 44, 51, 53, 54, 56, 59, 62, 63, 64, 68, 69, 70, 74, 78, 86, 87, 88, 89, 92, 93, 94, 95, 96, 97, 98, 106, 107, 109, 110, 111, 112, 113, 115, 117, 123, 125, 127, 128, 129, 131, 132, 133, 134, 135, 136, 143, 144, 150, 153, 154, 155, 169, 170, 171, 172, 173, 180, 181, 191, 195, 198, 209, 210, 212, 214, 215, 216, 218, 220, 221, 223, 224, 226, 228, 234, 235, 236, 242, 246, 248, 249, 251, 253, 263, 269, 270, 271, 277, 281, 283, 293, 294, 296, 299, 301, 302, 303, 305, 310, 312, 317, 356, 357, 360, 361, 364, 366, 377, 378, 380, 381, 382, 386, 387, 388, 390, 401, 404, 405, 419, 424, 425, 428, 429, 432, 433, 436, 461, 503, 517, 527, 529, 530, 531, 532, 534, 537, 549, 550, 556, 557, 558, 559, 561, 562, 563, 564, 565, 567, 568, 570, 572, 573, 575, 576, 578, 580, 583, 584, 586, 587, 588, 590, 595, 602, 609, 615, 625, 628, 633, 638, 643, 659, 660, 664, 665, 669, 670, 674, 675, 679, 680, 683, 684, 685, 688, 689, 690, 693, 694, 695, 698, 699, 700, 703, 704, 705, 708, 709, 710, 713, 714, 715, 718, 726, 727, 732, 733, 736, 737, 740, 741, 742, 745, 746, 747], "summary": {"covered_lines": 237, "num_statements": 238, "percent_covered": 99.4186046511628, "percent_covered_display": "99", "missing_lines": 1, "excluded_lines": 3, "num_branches": 106, "num_partial_branches": 1, "covered_branches": 105, "missing_branches": 1}, "missing_lines": [189], "excluded_lines": [161, 162, 595], "executed_branches": [[20, 21], [20, 23], [21, 20], [21, 22], [39, 40], [39, 41], [53, 54], [53, 56], [62, 63], [62, 74], [63, 64], [63, 68], [68, 69], [68, 74], [69, 68], [69, 70], [86, 87], [86, 169], [87, 88], [87, 89], [92, 93], [92, 127], [93, 94], [93, 125], [96, 97], [96, 117], [106, 107], [106, 109], [110, 111], [110, 112], [112, 113], [112, 115], [117, 123], [117, 195], [128, 129], [128, 131], [131, 132], [131, 143], [132, 133], [132, 134], [135, 136], [135, 195], [143, 144], [143, 150], [154, 155], [154, 195], [169, 170], [169, 191], [171, 172], [171, 195], [172, 173], [172, 180], [180, 181], [214, 215], [214, 263], [215, 216], [215, 218], [220, 221], [220, 293], [221, 223], [221, 228], [223, 224], [223, 226], [228, 234], [228, 248], [234, 235], [234, 246], [235, 236], [235, 242], [248, 249], [248, 251], [263, 269], [263, 283], [269, 270], [269, 281], [270, 271], [270, 277], [293, 294], [293, 296], [302, 303], [302, 305], [305, 310], [305, 312], [356, 357], [356, 360], [360, 361], [360, 364], [378, 380], [378, 401], [380, 381], [380, 386], [387, 388], [387, 390], [558, 559], [558, 580], [562, 563], [562, 564], [564, 565], [564, 567], [567, 568], [567, 570], [572, 573], [572, 575], [575, 576], [575, 578]], "missing_branches": [[180, 189]]}}}, "reservoirpy/_version.py": {"executed_lines": [1], "summary": {"covered_lines": 1, "num_statements": 1, "percent_covered": 100.0, "percent_covered_display": "100", "missing_lines": 0, "excluded_lines": 0, "num_branches": 0, "num_partial_branches": 0, "covered_branches": 0, "missing_branches": 0}, "missing_lines": [], "excluded_lines": [], "executed_branches": [], "missing_branches": [], "functions": {"": {"executed_lines": [1], "summary": {"covered_lines": 1, "num_statements": 1, "percent_covered": 100.0, "percent_covered_display": "100", "missing_lines": 0, "excluded_lines": 0, "num_branches": 0, "num_partial_branches": 0, "covered_branches": 0, "missing_branches": 0}, "missing_lines": [], "excluded_lines": [], "executed_branches": [], "missing_branches": []}}, "classes": {"": {"executed_lines": [1], "summary": {"covered_lines": 1, "num_statements": 1, "percent_covered": 100.0, "percent_covered_display": "100", "missing_lines": 0, "excluded_lines": 0, "num_branches": 0, "num_partial_branches": 0, "covered_branches": 0, "missing_branches": 0}, "missing_lines": [], "excluded_lines": [], "executed_branches": [], "missing_branches": []}}}, "reservoirpy/activationsfunc.py": {"executed_lines": [1, 23, 24, 26, 29, 33, 35, 36, 37, 38, 39, 41, 44, 61, 75, 78, 81, 99, 100, 103, 104, 122, 125, 126, 143, 144, 145, 146, 149, 165, 168, 169, 187, 190, 191, 207, 208, 209], "summary": {"covered_lines": 37, "num_statements": 38, "percent_covered": 95.45454545454545, "percent_covered_display": "95", "missing_lines": 1, "excluded_lines": 0, "num_branches": 6, "num_partial_branches": 1, "covered_branches": 5, "missing_branches": 1}, "missing_lines": [76], "excluded_lines": [], "executed_branches": [[75, 78], [143, 144], [143, 146], [207, 208], [207, 209]], "missing_branches": [[75, 76]], "functions": {"_elementwise": {"executed_lines": [33, 35, 36, 41], "summary": {"covered_lines": 4, "num_statements": 4, "percent_covered": 100.0, "percent_covered_display": "100", "missing_lines": 0, "excluded_lines": 0, "num_branches": 0, "num_partial_branches": 0, "covered_branches": 0, "missing_branches": 0}, "missing_lines": [], "excluded_lines": [], "executed_branches": [], "missing_branches": []}, "_elementwise.vect_wrapper": {"executed_lines": [37, 38, 39], "summary": {"covered_lines": 3, "num_statements": 3, "percent_covered": 100.0, "percent_covered_display": "100", "missing_lines": 0, "excluded_lines": 0, "num_branches": 0, "num_partial_branches": 0, "covered_branches": 0, "missing_branches": 0}, "missing_lines": [], "excluded_lines": [], "executed_branches": [], "missing_branches": []}, "get_function": {"executed_lines": [61, 75, 78], "summary": {"covered_lines": 3, "num_statements": 4, "percent_covered": 66.66666666666667, "percent_covered_display": "67", "missing_lines": 1, "excluded_lines": 0, "num_branches": 2, "num_partial_branches": 1, "covered_branches": 1, "missing_branches": 1}, "missing_lines": [76], "excluded_lines": [], "executed_branches": [[75, 78]], "missing_branches": [[75, 76]]}, "softmax": {"executed_lines": [99, 100], "summary": {"covered_lines": 2, "num_statements": 2, "percent_covered": 100.0, "percent_covered_display": "100", "missing_lines": 0, "excluded_lines": 0, "num_branches": 0, "num_partial_branches": 0, "covered_branches": 0, "missing_branches": 0}, "missing_lines": [], "excluded_lines": [], "executed_branches": [], "missing_branches": []}, "softplus": {"executed_lines": [122], "summary": {"covered_lines": 1, "num_statements": 1, "percent_covered": 100.0, "percent_covered_display": "100", "missing_lines": 0, "excluded_lines": 0, "num_branches": 0, "num_partial_branches": 0, "covered_branches": 0, "missing_branches": 0}, "missing_lines": [], "excluded_lines": [], "executed_branches": [], "missing_branches": []}, "sigmoid": {"executed_lines": [143, 144, 145, 146], "summary": {"covered_lines": 4, "num_statements": 4, "percent_covered": 100.0, "percent_covered_display": "100", "missing_lines": 0, "excluded_lines": 0, "num_branches": 2, "num_partial_branches": 0, "covered_branches": 2, "missing_branches": 0}, "missing_lines": [], "excluded_lines": [], "executed_branches": [[143, 144], [143, 146]], "missing_branches": []}, "tanh": {"executed_lines": [165], "summary": {"covered_lines": 1, "num_statements": 1, "percent_covered": 100.0, "percent_covered_display": "100", "missing_lines": 0, "excluded_lines": 0, "num_branches": 0, "num_partial_branches": 0, "covered_branches": 0, "missing_branches": 0}, "missing_lines": [], "excluded_lines": [], "executed_branches": [], "missing_branches": []}, "identity": {"executed_lines": [187], "summary": {"covered_lines": 1, "num_statements": 1, "percent_covered": 100.0, "percent_covered_display": "100", "missing_lines": 0, "excluded_lines": 0, "num_branches": 0, "num_partial_branches": 0, "covered_branches": 0, "missing_branches": 0}, "missing_lines": [], "excluded_lines": [], "executed_branches": [], "missing_branches": []}, "relu": {"executed_lines": [207, 208, 209], "summary": {"covered_lines": 3, "num_statements": 3, "percent_covered": 100.0, "percent_covered_display": "100", "missing_lines": 0, "excluded_lines": 0, "num_branches": 2, "num_partial_branches": 0, "covered_branches": 2, "missing_branches": 0}, "missing_lines": [], "excluded_lines": [], "executed_branches": [[207, 208], [207, 209]], "missing_branches": []}, "": {"executed_lines": [1, 23, 24, 26, 29, 44, 81, 103, 104, 125, 126, 149, 168, 169, 190, 191], "summary": {"covered_lines": 15, "num_statements": 15, "percent_covered": 100.0, "percent_covered_display": "100", "missing_lines": 0, "excluded_lines": 0, "num_branches": 0, "num_partial_branches": 0, "covered_branches": 0, "missing_branches": 0}, "missing_lines": [], "excluded_lines": [], "executed_branches": [], "missing_branches": []}}, "classes": {"": {"executed_lines": [1, 23, 24, 26, 29, 33, 35, 36, 37, 38, 39, 41, 44, 61, 75, 78, 81, 99, 100, 103, 104, 122, 125, 126, 143, 144, 145, 146, 149, 165, 168, 169, 187, 190, 191, 207, 208, 209], "summary": {"covered_lines": 37, "num_statements": 38, "percent_covered": 95.45454545454545, "percent_covered_display": "95", "missing_lines": 1, "excluded_lines": 0, "num_branches": 6, "num_partial_branches": 1, "covered_branches": 5, "missing_branches": 1}, "missing_lines": [76], "excluded_lines": [], "executed_branches": [[75, 78], [143, 144], [143, 146], [207, 208], [207, 209]], "missing_branches": [[75, 76]]}}}, "reservoirpy/cognitive/__init__.py": {"executed_lines": [1, 46, 47, 48, 49, 50, 51, 54, 61, 68, 77], "summary": {"covered_lines": 10, "num_statements": 10, "percent_covered": 100.0, "percent_covered_display": "100", "missing_lines": 0, "excluded_lines": 0, "num_branches": 0, "num_partial_branches": 0, "covered_branches": 0, "missing_branches": 0}, "missing_lines": [], "excluded_lines": [], "executed_branches": [], "missing_branches": [], "functions": {"": {"executed_lines": [1, 46, 47, 48, 49, 50, 51, 54, 61, 68, 77], "summary": {"covered_lines": 10, "num_statements": 10, "percent_covered": 100.0, "percent_covered_display": "100", "missing_lines": 0, "excluded_lines": 0, "num_branches": 0, "num_partial_branches": 0, "covered_branches": 0, "missing_branches": 0}, "missing_lines": [], "excluded_lines": [], "executed_branches": [], "missing_branches": []}}, "classes": {"": {"executed_lines": [1, 46, 47, 48, 49, 50, 51, 54, 61, 68, 77], "summary": {"covered_lines": 10, "num_statements": 10, "percent_covered": 100.0, "percent_covered_display": "100", "missing_lines": 0, "excluded_lines": 0, "num_branches": 0, "num_partial_branches": 0, "covered_branches": 0, "missing_branches": 0}, "missing_lines": [], "excluded_lines": [], "executed_branches": [], "missing_branches": []}}}, "reservoirpy/cognitive/attention/__init__.py": {"executed_lines": [1, 44, 45, 46, 47, 49], "summary": {"covered_lines": 5, "num_statements": 5, "percent_covered": 100.0, "percent_covered_display": "100", "missing_lines": 0, "excluded_lines": 0, "num_branches": 0, "num_partial_branches": 0, "covered_branches": 0, "missing_branches": 0}, "missing_lines": [], "excluded_lines": [], "executed_branches": [], "missing_branches": [], "functions": {"": {"executed_lines": [1, 44, 45, 46, 47, 49], "summary": {"covered_lines": 5, "num_statements": 5, "percent_covered": 100.0, "percent_covered_display": "100", "missing_lines": 0, "excluded_lines": 0, "num_branches": 0, "num_partial_branches": 0, "covered_branches": 0, "missing_branches": 0}, "missing_lines": [], "excluded_lines": [], "executed_branches": [], "missing_branches": []}}, "classes": {"": {"executed_lines": [1, 44, 45, 46, 47, 49], "summary": {"covered_lines": 5, "num_statements": 5, "percent_covered": 100.0, "percent_covered_display": "100", "missing_lines": 0, "excluded_lines": 0, "num_branches": 0, "num_partial_branches": 0, "covered_branches": 0, "missing_branches": 0}, "missing_lines": [], "excluded_lines": [], "executed_branches": [], "missing_branches": []}}}, "reservoirpy/cognitive/attention/attention_reservoir.py": {"executed_lines": [1, 9, 10, 11, 14, 15, 16, 17, 20, 21, 50, 62, 65, 66, 67, 68, 69, 70, 73, 74, 75, 78, 87, 89, 92, 93, 96, 99, 101, 104, 105, 108, 109, 113, 114, 115, 116, 118, 119, 122, 123, 124, 125, 127, 128, 129, 132, 135, 136, 137, 138, 139, 141, 143, 145, 146, 167, 183, 210, 212, 215, 217, 219, 221, 222, 224, 246, 247, 267, 295, 300, 332, 339, 358, 359, 377, 384, 385, 386, 387, 390, 391, 392, 394, 396, 397, 399, 400, 402, 413, 416, 417, 419, 420, 422, 423, 426, 428, 429, 432, 434, 436, 437, 439, 442, 443, 446, 447, 448, 449, 452, 462, 464, 466, 476, 477, 480, 482, 484, 487, 490, 491, 492, 493, 496, 507, 510, 513, 515, 517, 519, 520, 522], "summary": {"covered_lines": 129, "num_statements": 189, "percent_covered": 65.06024096385542, "percent_covered_display": "65", "missing_lines": 60, "excluded_lines": 0, "num_branches": 60, "num_partial_branches": 9, "covered_branches": 33, "missing_branches": 27}, "missing_lines": [97, 110, 148, 152, 154, 155, 158, 159, 165, 169, 170, 173, 175, 177, 178, 181, 190, 191, 192, 195, 197, 198, 201, 204, 206, 208, 275, 277, 278, 279, 282, 283, 286, 293, 297, 298, 302, 305, 306, 309, 310, 311, 314, 315, 316, 317, 319, 320, 321, 322, 325, 326, 327, 328, 330, 335, 337, 341, 343, 511], "excluded_lines": [], "executed_branches": [[96, -89], [109, 113], [118, 119], [122, 123], [124, 125], [124, 127], [136, 137], [145, 146], [396, 397], [396, 399], [399, -394], [399, 400], [419, 420], [419, 446], [422, 423], [422, 426], [428, 429], [428, 432], [434, 419], [434, 436], [436, 437], [436, 439], [442, 443], [446, 447], [446, 452], [447, 446], [447, 448], [482, 484], [482, 496], [490, 482], [490, 491], [491, 492], [510, 513]], "missing_branches": [[96, 97], [109, 110], [118, 122], [122, 132], [136, 138], [145, 148], [154, 155], [154, 158], [169, 170], [169, 173], [175, -167], [175, 177], [191, 192], [191, 195], [195, 197], [195, 208], [310, 311], [310, 314], [314, 315], [314, 325], [316, 317], [316, 319], [325, 326], [325, 327], [442, 434], [491, 493], [510, 511]], "functions": {"AttentionReservoir.__init__": {"executed_lines": [62, 65, 66, 67, 68, 69, 70, 73, 74, 75, 78, 87], "summary": {"covered_lines": 12, "num_statements": 12, "percent_covered": 100.0, "percent_covered_display": "100", "missing_lines": 0, "excluded_lines": 0, "num_branches": 0, "num_partial_branches": 0, "covered_branches": 0, "missing_branches": 0}, "missing_lines": [], "excluded_lines": [], "executed_branches": [], "missing_branches": []}, "AttentionReservoir._register_with_attention_system": {"executed_lines": [92, 93, 96], "summary": {"covered_lines": 3, "num_statements": 4, "percent_covered": 66.66666666666667, "percent_covered_display": "67", "missing_lines": 1, "excluded_lines": 0, "num_branches": 2, "num_partial_branches": 1, "covered_branches": 1, "missing_branches": 1}, "missing_lines": [97], "excluded_lines": [], "executed_branches": [[96, -89]], "missing_branches": [[96, 97]]}, "AttentionReservoir._update_attention_dynamics": {"executed_lines": [101, 104, 105, 108, 109, 113, 114, 115, 116, 118, 119, 122, 123, 124, 125, 127, 128, 129, 132, 135, 136, 137, 138, 139, 141], "summary": {"covered_lines": 25, "num_statements": 26, "percent_covered": 86.11111111111111, "percent_covered_display": "86", "missing_lines": 1, "excluded_lines": 0, "num_branches": 10, "num_partial_branches": 4, "covered_branches": 6, "missing_branches": 4}, "missing_lines": [110], "excluded_lines": [], "executed_branches": [[109, 113], [118, 119], [122, 123], [124, 125], [124, 127], [136, 137]], "missing_branches": [[109, 110], [118, 122], [122, 132], [136, 138]]}, "AttentionReservoir._update_connection_attention": {"executed_lines": [145, 146], "summary": {"covered_lines": 2, "num_statements": 9, "percent_covered": 23.076923076923077, "percent_covered_display": "23", "missing_lines": 7, "excluded_lines": 0, "num_branches": 4, "num_partial_branches": 1, "covered_branches": 1, "missing_branches": 3}, "missing_lines": [148, 152, 154, 155, 158, 159, 165], "excluded_lines": [], "executed_branches": [[145, 146]], "missing_branches": [[145, 148], [154, 155], [154, 158]]}, "AttentionReservoir._apply_attention_pruning": {"executed_lines": [], "summary": {"covered_lines": 0, "num_statements": 7, "percent_covered": 0.0, "percent_covered_display": "0", "missing_lines": 7, "excluded_lines": 0, "num_branches": 4, "num_partial_branches": 0, "covered_branches": 0, "missing_branches": 4}, "missing_lines": [169, 170, 173, 175, 177, 178, 181], "excluded_lines": [], "executed_branches": [], "missing_branches": [[169, 170], [169, 173], [175, -167], [175, 177]]}, "AttentionReservoir.forward": {"executed_lines": [], "summary": {"covered_lines": 0, "num_statements": 10, "percent_covered": 0.0, "percent_covered_display": "0", "missing_lines": 10, "excluded_lines": 0, "num_branches": 4, "num_partial_branches": 0, "covered_branches": 0, "missing_branches": 4}, "missing_lines": [190, 191, 192, 195, 197, 198, 201, 204, 206, 208], "excluded_lines": [], "executed_branches": [], "missing_branches": [[191, 192], [191, 195], [195, 197], [195, 208]]}, "AttentionReservoir.stimulate_attention": {"executed_lines": [212, 215], "summary": {"covered_lines": 2, "num_statements": 2, "percent_covered": 100.0, "percent_covered_display": "100", "missing_lines": 0, "excluded_lines": 0, "num_branches": 0, "num_partial_branches": 0, "covered_branches": 0, "missing_branches": 0}, "missing_lines": [], "excluded_lines": [], "executed_branches": [], "missing_branches": []}, "AttentionReservoir.get_attention_status": {"executed_lines": [219, 221, 222, 224], "summary": {"covered_lines": 4, "num_statements": 4, "percent_covered": 100.0, "percent_covered_display": "100", "missing_lines": 0, "excluded_lines": 0, "num_branches": 0, "num_partial_branches": 0, "covered_branches": 0, "missing_branches": 0}, "missing_lines": [], "excluded_lines": [], "executed_branches": [], "missing_branches": []}, "AttentionRidge.__init__": {"executed_lines": [], "summary": {"covered_lines": 0, "num_statements": 8, "percent_covered": 0.0, "percent_covered_display": "0", "missing_lines": 8, "excluded_lines": 0, "num_branches": 0, "num_partial_branches": 0, "covered_branches": 0, "missing_branches": 0}, "missing_lines": [275, 277, 278, 279, 282, 283, 286, 293], "excluded_lines": [], "executed_branches": [], "missing_branches": []}, "AttentionRidge._register_with_attention_system": {"executed_lines": [], "summary": {"covered_lines": 0, "num_statements": 2, "percent_covered": 0.0, "percent_covered_display": "0", "missing_lines": 2, "excluded_lines": 0, "num_branches": 0, "num_partial_branches": 0, "covered_branches": 0, "missing_branches": 0}, "missing_lines": [297, 298], "excluded_lines": [], "executed_branches": [], "missing_branches": []}, "AttentionRidge._update_attention_dynamics": {"executed_lines": [], "summary": {"covered_lines": 0, "num_statements": 19, "percent_covered": 0.0, "percent_covered_display": "0", "missing_lines": 19, "excluded_lines": 0, "num_branches": 8, "num_partial_branches": 0, "covered_branches": 0, "missing_branches": 8}, "missing_lines": [302, 305, 306, 309, 310, 311, 314, 315, 316, 317, 319, 320, 321, 322, 325, 326, 327, 328, 330], "excluded_lines": [], "executed_branches": [], "missing_branches": [[310, 311], [310, 314], [314, 315], [314, 325], [316, 317], [316, 319], [325, 326], [325, 327]]}, "AttentionRidge.fit": {"executed_lines": [], "summary": {"covered_lines": 0, "num_statements": 2, "percent_covered": 0.0, "percent_covered_display": "0", "missing_lines": 2, "excluded_lines": 0, "num_branches": 0, "num_partial_branches": 0, "covered_branches": 0, "missing_branches": 0}, "missing_lines": [335, 337], "excluded_lines": [], "executed_branches": [], "missing_branches": []}, "AttentionRidge.get_attention_status": {"executed_lines": [], "summary": {"covered_lines": 0, "num_statements": 2, "percent_covered": 0.0, "percent_covered_display": "0", "missing_lines": 2, "excluded_lines": 0, "num_branches": 0, "num_partial_branches": 0, "covered_branches": 0, "missing_branches": 0}, "missing_lines": [341, 343], "excluded_lines": [], "executed_branches": [], "missing_branches": []}, "AttentionFlow.__init__": {"executed_lines": [384, 385, 386, 387, 390, 391, 392], "summary": {"covered_lines": 7, "num_statements": 7, "percent_covered": 100.0, "percent_covered_display": "100", "missing_lines": 0, "excluded_lines": 0, "num_branches": 0, "num_partial_branches": 0, "covered_branches": 0, "missing_branches": 0}, "missing_lines": [], "excluded_lines": [], "executed_branches": [], "missing_branches": []}, "AttentionFlow.register_flow_connection": {"executed_lines": [396, 397, 399, 400], "summary": {"covered_lines": 4, "num_statements": 4, "percent_covered": 100.0, "percent_covered_display": "100", "missing_lines": 0, "excluded_lines": 0, "num_branches": 4, "num_partial_branches": 0, "covered_branches": 4, "missing_branches": 0}, "missing_lines": [], "excluded_lines": [], "executed_branches": [[396, 397], [396, 399], [399, -394], [399, 400]], "missing_branches": []}, "AttentionFlow.propagate_attention_flow": {"executed_lines": [413, 416, 417, 419, 420, 422, 423, 426, 428, 429, 432, 434, 436, 437, 439, 442, 443, 446, 447, 448, 449, 452, 462, 464], "summary": {"covered_lines": 24, "num_statements": 24, "percent_covered": 97.5, "percent_covered_display": "98", "missing_lines": 0, "excluded_lines": 0, "num_branches": 16, "num_partial_branches": 1, "covered_branches": 15, "missing_branches": 1}, "missing_lines": [], "excluded_lines": [], "executed_branches": [[419, 420], [419, 446], [422, 423], [422, 426], [428, 429], [428, 432], [434, 419], [434, 436], [436, 437], [436, 439], [442, 443], [446, 447], [446, 452], [447, 446], [447, 448]], "missing_branches": [[442, 434]]}, "AttentionFlow.trigger_attention_cascade": {"executed_lines": [476, 477, 480, 482, 484, 487, 490, 491, 492, 493, 496, 507, 510, 513], "summary": {"covered_lines": 14, "num_statements": 15, "percent_covered": 86.95652173913044, "percent_covered_display": "87", "missing_lines": 1, "excluded_lines": 0, "num_branches": 8, "num_partial_branches": 2, "covered_branches": 6, "missing_branches": 2}, "missing_lines": [511], "excluded_lines": [], "executed_branches": [[482, 484], [482, 496], [490, 482], [490, 491], [491, 492], [510, 513]], "missing_branches": [[491, 493], [510, 511]]}, "AttentionFlow.get_flow_statistics": {"executed_lines": [517, 519, 520, 522], "summary": {"covered_lines": 4, "num_statements": 4, "percent_covered": 100.0, "percent_covered_display": "100", "missing_lines": 0, "excluded_lines": 0, "num_branches": 0, "num_partial_branches": 0, "covered_branches": 0, "missing_branches": 0}, "missing_lines": [], "excluded_lines": [], "executed_branches": [], "missing_branches": []}, "": {"executed_lines": [1, 9, 10, 11, 14, 15, 16, 17, 20, 21, 50, 89, 99, 143, 167, 183, 210, 217, 246, 247, 267, 295, 300, 332, 339, 358, 359, 377, 394, 402, 466, 515], "summary": {"covered_lines": 28, "num_statements": 28, "percent_covered": 100.0, "percent_covered_display": "100", "missing_lines": 0, "excluded_lines": 0, "num_branches": 0, "num_partial_branches": 0, "covered_branches": 0, "missing_branches": 0}, "missing_lines": [], "excluded_lines": [], "executed_branches": [], "missing_branches": []}}, "classes": {"AttentionReservoir": {"executed_lines": [62, 65, 66, 67, 68, 69, 70, 73, 74, 75, 78, 87, 92, 93, 96, 101, 104, 105, 108, 109, 113, 114, 115, 116, 118, 119, 122, 123, 124, 125, 127, 128, 129, 132, 135, 136, 137, 138, 139, 141, 145, 146, 212, 215, 219, 221, 222, 224], "summary": {"covered_lines": 48, "num_statements": 74, "percent_covered": 57.142857142857146, "percent_covered_display": "57", "missing_lines": 26, "excluded_lines": 0, "num_branches": 24, "num_partial_branches": 6, "covered_branches": 8, "missing_branches": 16}, "missing_lines": [97, 110, 148, 152, 154, 155, 158, 159, 165, 169, 170, 173, 175, 177, 178, 181, 190, 191, 192, 195, 197, 198, 201, 204, 206, 208], "excluded_lines": [], "executed_branches": [[96, -89], [109, 113], [118, 119], [122, 123], [124, 125], [124, 127], [136, 137], [145, 146]], "missing_branches": [[96, 97], [109, 110], [118, 122], [122, 132], [136, 138], [145, 148], [154, 155], [154, 158], [169, 170], [169, 173], [175, -167], [175, 177], [191, 192], [191, 195], [195, 197], [195, 208]]}, "AttentionRidge": {"executed_lines": [], "summary": {"covered_lines": 0, "num_statements": 33, "percent_covered": 0.0, "percent_covered_display": "0", "missing_lines": 33, "excluded_lines": 0, "num_branches": 8, "num_partial_branches": 0, "covered_branches": 0, "missing_branches": 8}, "missing_lines": [275, 277, 278, 279, 282, 283, 286, 293, 297, 298, 302, 305, 306, 309, 310, 311, 314, 315, 316, 317, 319, 320, 321, 322, 325, 326, 327, 328, 330, 335, 337, 341, 343], "excluded_lines": [], "executed_branches": [], "missing_branches": [[310, 311], [310, 314], [314, 315], [314, 325], [316, 317], [316, 319], [325, 326], [325, 327]]}, "AttentionFlow": {"executed_lines": [384, 385, 386, 387, 390, 391, 392, 396, 397, 399, 400, 413, 416, 417, 419, 420, 422, 423, 426, 428, 429, 432, 434, 436, 437, 439, 442, 443, 446, 447, 448, 449, 452, 462, 464, 476, 477, 480, 482, 484, 487, 490, 491, 492, 493, 496, 507, 510, 513, 517, 519, 520, 522], "summary": {"covered_lines": 53, "num_statements": 54, "percent_covered": 95.1219512195122, "percent_covered_display": "95", "missing_lines": 1, "excluded_lines": 0, "num_branches": 28, "num_partial_branches": 3, "covered_branches": 25, "missing_branches": 3}, "missing_lines": [511], "excluded_lines": [], "executed_branches": [[396, 397], [396, 399], [399, -394], [399, 400], [419, 420], [419, 446], [422, 423], [422, 426], [428, 429], [428, 432], [434, 419], [434, 436], [436, 437], [436, 439], [442, 443], [446, 447], [446, 452], [447, 446], [447, 448], [482, 484], [482, 496], [490, 482], [490, 491], [491, 492], [510, 513]], "missing_branches": [[442, 434], [491, 493], [510, 511]]}, "": {"executed_lines": [1, 9, 10, 11, 14, 15, 16, 17, 20, 21, 50, 89, 99, 143, 167, 183, 210, 217, 246, 247, 267, 295, 300, 332, 339, 358, 359, 377, 394, 402, 466, 515], "summary": {"covered_lines": 28, "num_statements": 28, "percent_covered": 100.0, "percent_covered_display": "100", "missing_lines": 0, "excluded_lines": 0, "num_branches": 0, "num_partial_branches": 0, "covered_branches": 0, "missing_branches": 0}, "missing_lines": [], "excluded_lines": [], "executed_branches": [], "missing_branches": []}}}, "reservoirpy/cognitive/attention/ecan.py": {"executed_lines": [1, 9, 10, 11, 12, 13, 15, 18, 19, 20, 41, 42, 43, 44, 45, 46, 48, 49, 51, 53, 54, 56, 58, 60, 62, 64, 66, 68, 69, 70, 71, 73, 75, 76, 77, 80, 81, 101, 109, 110, 111, 112, 113, 116, 117, 118, 121, 122, 123, 124, 127, 134, 136, 137, 138, 140, 142, 143, 144, 146, 148, 149, 151, 158, 161, 162, 166, 167, 168, 171, 172, 174, 175, 176, 179, 180, 183, 185, 187, 189, 192, 193, 195, 196, 197, 199, 201, 203, 206, 213, 214, 215, 216, 219, 220, 222, 224, 231, 234, 235, 236, 237, 238, 239, 242, 243, 245, 246, 247, 248, 249, 252, 255, 256, 259, 263, 266, 269, 292, 294, 295, 298, 299, 300, 302, 304, 307, 308, 310, 322, 324, 326], "summary": {"covered_lines": 129, "num_statements": 150, "percent_covered": 82.65306122448979, "percent_covered_display": "83", "missing_lines": 21, "excluded_lines": 0, "num_branches": 46, "num_partial_branches": 7, "covered_branches": 33, "missing_branches": 13}, "missing_lines": [159, 163, 267, 271, 274, 276, 277, 280, 282, 283, 284, 287, 288, 290, 305, 328, 329, 330, 331, 332, 333], "excluded_lines": [], "executed_branches": [[68, 69], [68, 71], [136, 137], [136, 138], [158, 161], [162, 166], [167, 168], [167, 171], [174, 175], [174, 185], [192, 193], [192, 199], [193, 195], [195, 192], [195, 196], [196, 195], [196, 197], [214, 215], [214, 219], [215, 214], [215, 216], [219, 220], [219, 222], [235, 236], [235, 242], [238, 239], [243, 245], [243, 252], [246, 247], [266, -224], [298, -292], [298, 299], [304, 307]], "missing_branches": [[158, 159], [162, 163], [193, 192], [238, 235], [246, 243], [266, 267], [276, 277], [276, 280], [280, 282], [280, 290], [282, 283], [282, 287], [304, 305]], "functions": {"AttentionValue.total_importance": {"executed_lines": [51], "summary": {"covered_lines": 1, "num_statements": 1, "percent_covered": 100.0, "percent_covered_display": "100", "missing_lines": 0, "excluded_lines": 0, "num_branches": 0, "num_partial_branches": 0, "covered_branches": 0, "missing_branches": 0}, "missing_lines": [], "excluded_lines": [], "executed_branches": [], "missing_branches": []}, "AttentionValue.attention_budget": {"executed_lines": [56], "summary": {"covered_lines": 1, "num_statements": 1, "percent_covered": 100.0, "percent_covered_display": "100", "missing_lines": 0, "excluded_lines": 0, "num_branches": 0, "num_partial_branches": 0, "covered_branches": 0, "missing_branches": 0}, "missing_lines": [], "excluded_lines": [], "executed_branches": [], "missing_branches": []}, "AttentionValue.update_sti": {"executed_lines": [60], "summary": {"covered_lines": 1, "num_statements": 1, "percent_covered": 100.0, "percent_covered_display": "100", "missing_lines": 0, "excluded_lines": 0, "num_branches": 0, "num_partial_branches": 0, "covered_branches": 0, "missing_branches": 0}, "missing_lines": [], "excluded_lines": [], "executed_branches": [], "missing_branches": []}, "AttentionValue.update_lti": {"executed_lines": [64], "summary": {"covered_lines": 1, "num_statements": 1, "percent_covered": 100.0, "percent_covered_display": "100", "missing_lines": 0, "excluded_lines": 0, "num_branches": 0, "num_partial_branches": 0, "covered_branches": 0, "missing_branches": 0}, "missing_lines": [], "excluded_lines": [], "executed_branches": [], "missing_branches": []}, "AttentionValue.pay_rent": {"executed_lines": [68, 69, 70, 71], "summary": {"covered_lines": 4, "num_statements": 4, "percent_covered": 100.0, "percent_covered_display": "100", "missing_lines": 0, "excluded_lines": 0, "num_branches": 2, "num_partial_branches": 0, "covered_branches": 2, "missing_branches": 0}, "missing_lines": [], "excluded_lines": [], "executed_branches": [[68, 69], [68, 71]], "missing_branches": []}, "AttentionValue.earn_wage": {"executed_lines": [75, 76, 77], "summary": {"covered_lines": 3, "num_statements": 3, "percent_covered": 100.0, "percent_covered_display": "100", "missing_lines": 0, "excluded_lines": 0, "num_branches": 0, "num_partial_branches": 0, "covered_branches": 0, "missing_branches": 0}, "missing_lines": [], "excluded_lines": [], "executed_branches": [], "missing_branches": []}, "ECANAttentionSystem.__init__": {"executed_lines": [109, 110, 111, 112, 113, 116, 117, 118, 121, 122, 123, 124, 127], "summary": {"covered_lines": 13, "num_statements": 13, "percent_covered": 100.0, "percent_covered_display": "100", "missing_lines": 0, "excluded_lines": 0, "num_branches": 0, "num_partial_branches": 0, "covered_branches": 0, "missing_branches": 0}, "missing_lines": [], "excluded_lines": [], "executed_branches": [], "missing_branches": []}, "ECANAttentionSystem.get_attention_value": {"executed_lines": [136, 137, 138], "summary": {"covered_lines": 3, "num_statements": 3, "percent_covered": 100.0, "percent_covered_display": "100", "missing_lines": 0, "excluded_lines": 0, "num_branches": 2, "num_partial_branches": 0, "covered_branches": 2, "missing_branches": 0}, "missing_lines": [], "excluded_lines": [], "executed_branches": [[136, 137], [136, 138]], "missing_branches": []}, "ECANAttentionSystem.set_sti": {"executed_lines": [142, 143, 144], "summary": {"covered_lines": 3, "num_statements": 3, "percent_covered": 100.0, "percent_covered_display": "100", "missing_lines": 0, "excluded_lines": 0, "num_branches": 0, "num_partial_branches": 0, "covered_branches": 0, "missing_branches": 0}, "missing_lines": [], "excluded_lines": [], "executed_branches": [], "missing_branches": []}, "ECANAttentionSystem.set_lti": {"executed_lines": [148, 149], "summary": {"covered_lines": 2, "num_statements": 2, "percent_covered": 100.0, "percent_covered_display": "100", "missing_lines": 0, "excluded_lines": 0, "num_branches": 0, "num_partial_branches": 0, "covered_branches": 0, "missing_branches": 0}, "missing_lines": [], "excluded_lines": [], "executed_branches": [], "missing_branches": []}, "ECANAttentionSystem.spread_attention": {"executed_lines": [158, 161, 162, 166, 167, 168, 171, 172, 174, 175, 176, 179, 180, 183, 185], "summary": {"covered_lines": 15, "num_statements": 17, "percent_covered": 84.0, "percent_covered_display": "84", "missing_lines": 2, "excluded_lines": 0, "num_branches": 8, "num_partial_branches": 2, "covered_branches": 6, "missing_branches": 2}, "missing_lines": [159, 163], "excluded_lines": [], "executed_branches": [[158, 161], [162, 166], [167, 168], [167, 171], [174, 175], [174, 185]], "missing_branches": [[158, 159], [162, 163]]}, "ECANAttentionSystem._get_connected_atoms": {"executed_lines": [189, 192, 193, 195, 196, 197, 199], "summary": {"covered_lines": 7, "num_statements": 7, "percent_covered": 93.33333333333333, "percent_covered_display": "93", "missing_lines": 0, "excluded_lines": 0, "num_branches": 8, "num_partial_branches": 1, "covered_branches": 7, "missing_branches": 1}, "missing_lines": [], "excluded_lines": [], "executed_branches": [[192, 193], [192, 199], [193, 195], [195, 192], [195, 196], [196, 195], [196, 197]], "missing_branches": [[193, 192]]}, "ECANAttentionSystem._update_attention_focus": {"executed_lines": [203, 206, 213, 214, 215, 216, 219, 220, 222], "summary": {"covered_lines": 9, "num_statements": 9, "percent_covered": 100.0, "percent_covered_display": "100", "missing_lines": 0, "excluded_lines": 0, "num_branches": 6, "num_partial_branches": 0, "covered_branches": 6, "missing_branches": 0}, "missing_lines": [], "excluded_lines": [], "executed_branches": [[214, 215], [214, 219], [215, 214], [215, 216], [219, 220], [219, 222]], "missing_branches": []}, "ECANAttentionSystem.run_economic_cycle": {"executed_lines": [231, 234, 235, 236, 237, 238, 239, 242, 243, 245, 246, 247, 248, 249, 252, 255, 256, 259, 263, 266], "summary": {"covered_lines": 20, "num_statements": 21, "percent_covered": 87.09677419354838, "percent_covered_display": "87", "missing_lines": 1, "excluded_lines": 0, "num_branches": 10, "num_partial_branches": 3, "covered_branches": 7, "missing_branches": 3}, "missing_lines": [267], "excluded_lines": [], "executed_branches": [[235, 236], [235, 242], [238, 239], [243, 245], [243, 252], [246, 247], [266, -224]], "missing_branches": [[238, 235], [246, 243], [266, 267]]}, "ECANAttentionSystem._redistribute_attention": {"executed_lines": [], "summary": {"covered_lines": 0, "num_statements": 11, "percent_covered": 0.0, "percent_covered_display": "0", "missing_lines": 11, "excluded_lines": 0, "num_branches": 6, "num_partial_branches": 0, "covered_branches": 0, "missing_branches": 6}, "missing_lines": [271, 274, 276, 277, 280, 282, 283, 284, 287, 288, 290], "excluded_lines": [], "executed_branches": [], "missing_branches": [[276, 277], [276, 280], [280, 282], [280, 290], [282, 283], [282, 287]]}, "ECANAttentionSystem.stimulate_atom": {"executed_lines": [294, 295, 298, 299, 300], "summary": {"covered_lines": 5, "num_statements": 5, "percent_covered": 100.0, "percent_covered_display": "100", "missing_lines": 0, "excluded_lines": 0, "num_branches": 2, "num_partial_branches": 0, "covered_branches": 2, "missing_branches": 0}, "missing_lines": [], "excluded_lines": [], "executed_branches": [[298, -292], [298, 299]], "missing_branches": []}, "ECANAttentionSystem.get_attention_statistics": {"executed_lines": [304, 307, 308, 310], "summary": {"covered_lines": 4, "num_statements": 5, "percent_covered": 71.42857142857143, "percent_covered_display": "71", "missing_lines": 1, "excluded_lines": 0, "num_branches": 2, "num_partial_branches": 1, "covered_branches": 1, "missing_branches": 1}, "missing_lines": [305], "excluded_lines": [], "executed_branches": [[304, 307]], "missing_branches": [[304, 305]]}, "ECANAttentionSystem.get_focus_atoms": {"executed_lines": [324], "summary": {"covered_lines": 1, "num_statements": 1, "percent_covered": 100.0, "percent_covered_display": "100", "missing_lines": 0, "excluded_lines": 0, "num_branches": 0, "num_partial_branches": 0, "covered_branches": 0, "missing_branches": 0}, "missing_lines": [], "excluded_lines": [], "executed_branches": [], "missing_branches": []}, "ECANAttentionSystem.reset_attention": {"executed_lines": [], "summary": {"covered_lines": 0, "num_statements": 6, "percent_covered": 0.0, "percent_covered_display": "0", "missing_lines": 6, "excluded_lines": 0, "num_branches": 0, "num_partial_branches": 0, "covered_branches": 0, "missing_branches": 0}, "missing_lines": [328, 329, 330, 331, 332, 333], "excluded_lines": [], "executed_branches": [], "missing_branches": []}, "": {"executed_lines": [1, 9, 10, 11, 12, 13, 15, 18, 19, 20, 41, 42, 43, 44, 45, 46, 48, 49, 53, 54, 58, 62, 66, 73, 80, 81, 101, 134, 140, 146, 151, 187, 201, 224, 269, 292, 302, 322, 326], "summary": {"covered_lines": 36, "num_statements": 36, "percent_covered": 100.0, "percent_covered_display": "100", "missing_lines": 0, "excluded_lines": 0, "num_branches": 0, "num_partial_branches": 0, "covered_branches": 0, "missing_branches": 0}, "missing_lines": [], "excluded_lines": [], "executed_branches": [], "missing_branches": []}}, "classes": {"AttentionValue": {"executed_lines": [51, 56, 60, 64, 68, 69, 70, 71, 75, 76, 77], "summary": {"covered_lines": 11, "num_statements": 11, "percent_covered": 100.0, "percent_covered_display": "100", "missing_lines": 0, "excluded_lines": 0, "num_branches": 2, "num_partial_branches": 0, "covered_branches": 2, "missing_branches": 0}, "missing_lines": [], "excluded_lines": [], "executed_branches": [[68, 69], [68, 71]], "missing_branches": []}, "ECANAttentionSystem": {"executed_lines": [109, 110, 111, 112, 113, 116, 117, 118, 121, 122, 123, 124, 127, 136, 137, 138, 142, 143, 144, 148, 149, 158, 161, 162, 166, 167, 168, 171, 172, 174, 175, 176, 179, 180, 183, 185, 189, 192, 193, 195, 196, 197, 199, 203, 206, 213, 214, 215, 216, 219, 220, 222, 231, 234, 235, 236, 237, 238, 239, 242, 243, 245, 246, 247, 248, 249, 252, 255, 256, 259, 263, 266, 294, 295, 298, 299, 300, 304, 307, 308, 310, 324], "summary": {"covered_lines": 82, "num_statements": 103, "percent_covered": 76.87074829931973, "percent_covered_display": "77", "missing_lines": 21, "excluded_lines": 0, "num_branches": 44, "num_partial_branches": 7, "covered_branches": 31, "missing_branches": 13}, "missing_lines": [159, 163, 267, 271, 274, 276, 277, 280, 282, 283, 284, 287, 288, 290, 305, 328, 329, 330, 331, 332, 333], "excluded_lines": [], "executed_branches": [[136, 137], [136, 138], [158, 161], [162, 166], [167, 168], [167, 171], [174, 175], [174, 185], [192, 193], [192, 199], [193, 195], [195, 192], [195, 196], [196, 195], [196, 197], [214, 215], [214, 219], [215, 214], [215, 216], [219, 220], [219, 222], [235, 236], [235, 242], [238, 239], [243, 245], [243, 252], [246, 247], [266, -224], [298, -292], [298, 299], [304, 307]], "missing_branches": [[158, 159], [162, 163], [193, 192], [238, 235], [246, 243], [266, 267], [276, 277], [276, 280], [280, 282], [280, 290], [282, 283], [282, 287], [304, 305]]}, "": {"executed_lines": [1, 9, 10, 11, 12, 13, 15, 18, 19, 20, 41, 42, 43, 44, 45, 46, 48, 49, 53, 54, 58, 62, 66, 73, 80, 81, 101, 134, 140, 146, 151, 187, 201, 224, 269, 292, 302, 322, 326], "summary": {"covered_lines": 36, "num_statements": 36, "percent_covered": 100.0, "percent_covered_display": "100", "missing_lines": 0, "excluded_lines": 0, "num_branches": 0, "num_partial_branches": 0, "covered_branches": 0, "missing_branches": 0}, "missing_lines": [], "excluded_lines": [], "executed_branches": [], "missing_branches": []}}}, "reservoirpy/cognitive/attention/mesh_topology.py": {"executed_lines": [1, 9, 10, 11, 12, 13, 14, 15, 16, 18, 19, 22, 23, 24, 25, 26, 27, 28, 29, 30, 33, 34, 35, 57, 58, 59, 60, 61, 62, 63, 64, 67, 68, 92, 102, 103, 104, 105, 106, 107, 108, 111, 112, 113, 116, 117, 118, 121, 122, 123, 124, 127, 139, 148, 151, 154, 156, 157, 158, 161, 162, 163, 164, 167, 173, 174, 175, 176, 178, 180, 183, 186, 188, 191, 192, 193, 196, 197, 198, 199, 202, 207, 208, 212, 218, 219, 220, 221, 223, 225, 227, 231, 234, 237, 244, 245, 246, 248, 250, 252, 253, 256, 259, 265, 266, 267, 269, 271, 274, 276, 277, 280, 283, 284, 285, 286, 288, 291, 294, 295, 298, 305, 306, 309, 312, 313, 315, 317, 319, 321, 323, 324, 326, 327, 328, 330, 334, 337, 338, 339, 343, 344, 346, 348, 352, 354, 355, 356, 357, 358, 361, 362, 363, 366, 367, 368, 369, 370, 373, 374, 377, 378, 379, 382, 383, 390, 393, 394, 399, 401, 411, 417, 433, 437, 438, 441, 442, 445, 446, 447, 448, 454, 457, 458, 462, 464, 468, 477, 478, 479, 480, 482, 513, 565, 576, 586, 587, 603, 636, 663, 729, 736, 743, 774], "summary": {"covered_lines": 199, "num_statements": 324, "percent_covered": 55.55555555555556, "percent_covered_display": "56", "missing_lines": 125, "excluded_lines": 0, "num_branches": 144, "num_partial_branches": 21, "covered_branches": 61, "missing_branches": 83}, "missing_lines": [149, 152, 184, 203, 204, 209, 228, 301, 302, 341, 375, 395, 396, 403, 404, 406, 407, 408, 409, 413, 414, 415, 419, 420, 421, 423, 424, 425, 426, 428, 430, 431, 449, 450, 451, 452, 459, 465, 466, 469, 470, 472, 473, 474, 517, 518, 519, 521, 527, 530, 531, 532, 534, 541, 544, 545, 546, 552, 567, 568, 569, 570, 571, 572, 574, 578, 579, 580, 581, 583, 609, 610, 611, 614, 615, 618, 644, 650, 651, 654, 655, 656, 657, 658, 659, 661, 666, 669, 672, 673, 674, 675, 677, 678, 680, 681, 684, 686, 688, 693, 694, 696, 704, 707, 709, 714, 715, 717, 725, 727, 734, 741, 755, 764, 772, 777, 778, 781, 783, 784, 785, 786, 787, 788, 795], "excluded_lines": [], "executed_branches": [[148, 151], [151, 154], [161, 162], [161, 167], [162, 163], [162, 167], [163, 164], [183, 186], [191, 192], [191, 196], [198, 199], [202, 207], [208, 212], [227, 231], [252, 253], [252, 256], [283, 284], [283, 309], [284, 283], [284, 285], [285, 286], [285, 288], [291, 294], [291, 298], [294, 295], [298, 305], [305, 306], [312, 313], [323, 324], [323, 346], [326, 323], [326, 327], [327, 328], [327, 330], [338, 339], [338, 343], [339, 338], [354, 355], [354, 361], [355, 354], [355, 356], [357, 358], [362, 363], [362, 366], [367, 368], [367, 373], [368, 369], [374, 377], [378, 379], [378, 382], [382, 383], [382, 399], [393, 394], [441, 442], [446, 447], [446, 454], [448, 446], [458, 462], [464, 468], [478, 479], [478, 482]], "missing_branches": [[148, 149], [151, 152], [163, 162], [183, 184], [198, 202], [202, 203], [203, 202], [203, 204], [208, 209], [227, 228], [294, 284], [298, 301], [301, 284], [301, 302], [305, 284], [312, 315], [339, 341], [357, 354], [368, 367], [374, 375], [393, 395], [395, 396], [395, 399], [403, 404], [403, 406], [414, -411], [414, 415], [419, -417], [419, 420], [423, 424], [423, 428], [425, 426], [425, 428], [441, 472], [448, 449], [458, 459], [464, 465], [518, 519], [518, 530], [531, 532], [531, 544], [545, 546], [545, 552], [567, 568], [567, 569], [569, 570], [569, 571], [571, 572], [571, 574], [578, 579], [578, 580], [580, 581], [580, 583], [650, 651], [650, 654], [654, 655], [654, 656], [656, 657], [656, 658], [658, 659], [658, 661], [673, 674], [673, 677], [677, 678], [677, 680], [684, 686], [684, 727], [686, 688], [686, 707], [693, 684], [693, 694], [707, 684], [707, 709], [714, 684], [714, 715], [777, 778], [777, 781], [784, 785], [784, 795], [785, 786], [785, 795], [786, 785], [786, 787]], "functions": {"MeshTopology.__init__": {"executed_lines": [102, 103, 104, 105, 106, 107, 108, 111, 112, 113, 116, 117, 118, 121, 122, 123, 124, 127], "summary": {"covered_lines": 18, "num_statements": 18, "percent_covered": 100.0, "percent_covered_display": "100", "missing_lines": 0, "excluded_lines": 0, "num_branches": 0, "num_partial_branches": 0, "covered_branches": 0, "missing_branches": 0}, "missing_lines": [], "excluded_lines": [], "executed_branches": [], "missing_branches": []}, "MeshTopology.add_reservoir_node": {"executed_lines": [148, 151, 154, 156, 157, 158, 161, 162, 163, 164, 167, 173, 174, 175, 176, 178], "summary": {"covered_lines": 16, "num_statements": 18, "percent_covered": 82.14285714285714, "percent_covered_display": "82", "missing_lines": 2, "excluded_lines": 0, "num_branches": 10, "num_partial_branches": 3, "covered_branches": 7, "missing_branches": 3}, "missing_lines": [149, 152], "excluded_lines": [], "executed_branches": [[148, 151], [151, 154], [161, 162], [161, 167], [162, 163], [162, 167], [163, 164]], "missing_branches": [[148, 149], [151, 152], [163, 162]]}, "MeshTopology.remove_reservoir_node": {"executed_lines": [183, 186, 188, 191, 192, 193, 196, 197, 198, 199, 202, 207, 208, 212, 218, 219, 220, 221, 223], "summary": {"covered_lines": 19, "num_statements": 23, "percent_covered": 71.42857142857143, "percent_covered_display": "71", "missing_lines": 4, "excluded_lines": 0, "num_branches": 12, "num_partial_branches": 4, "covered_branches": 6, "missing_branches": 6}, "missing_lines": [184, 203, 204, 209], "excluded_lines": [], "executed_branches": [[183, 186], [191, 192], [191, 196], [198, 199], [202, 207], [208, 212]], "missing_branches": [[183, 184], [198, 202], [202, 203], [203, 202], [203, 204], [208, 209]]}, "MeshTopology._add_connection": {"executed_lines": [227, 231, 234, 237, 244, 245, 246, 248], "summary": {"covered_lines": 8, "num_statements": 9, "percent_covered": 81.81818181818181, "percent_covered_display": "82", "missing_lines": 1, "excluded_lines": 0, "num_branches": 2, "num_partial_branches": 1, "covered_branches": 1, "missing_branches": 1}, "missing_lines": [228], "excluded_lines": [], "executed_branches": [[227, 231]], "missing_branches": [[227, 228]]}, "MeshTopology._remove_connection": {"executed_lines": [252, 253, 256, 259, 265, 266, 267, 269], "summary": {"covered_lines": 8, "num_statements": 8, "percent_covered": 100.0, "percent_covered_display": "100", "missing_lines": 0, "excluded_lines": 0, "num_branches": 2, "num_partial_branches": 0, "covered_branches": 2, "missing_branches": 0}, "missing_lines": [], "excluded_lines": [], "executed_branches": [[252, 253], [252, 256]], "missing_branches": []}, "MeshTopology.update_topology_based_on_attention": {"executed_lines": [274, 276, 277, 280, 283, 284, 285, 286, 288, 291, 294, 295, 298, 305, 306, 309, 312, 313, 315, 317], "summary": {"covered_lines": 20, "num_statements": 22, "percent_covered": 80.0, "percent_covered_display": "80", "missing_lines": 2, "excluded_lines": 0, "num_branches": 18, "num_partial_branches": 4, "covered_branches": 12, "missing_branches": 6}, "missing_lines": [301, 302], "excluded_lines": [], "executed_branches": [[283, 284], [283, 309], [284, 283], [284, 285], [285, 286], [285, 288], [291, 294], [291, 298], [294, 295], [298, 305], [305, 306], [312, 313]], "missing_branches": [[294, 284], [298, 301], [301, 284], [301, 302], [305, 284], [312, 315]]}, "MeshTopology._compute_attention_matrix": {"executed_lines": [321, 323, 324, 326, 327, 328, 330, 334, 337, 338, 339, 343, 344, 346], "summary": {"covered_lines": 14, "num_statements": 15, "percent_covered": 92.0, "percent_covered_display": "92", "missing_lines": 1, "excluded_lines": 0, "num_branches": 10, "num_partial_branches": 1, "covered_branches": 9, "missing_branches": 1}, "missing_lines": [341], "excluded_lines": [], "executed_branches": [[323, 324], [323, 346], [326, 323], [326, 327], [327, 328], [327, 330], [338, 339], [338, 343], [339, 338]], "missing_branches": [[339, 341]]}, "MeshTopology._update_clusters_based_on_attention": {"executed_lines": [352, 354, 355, 356, 357, 358, 361, 362, 363, 366, 367, 368, 369, 370, 373, 374, 377, 378, 379, 382, 383, 390, 393, 394, 399], "summary": {"covered_lines": 25, "num_statements": 28, "percent_covered": 82.0, "percent_covered_display": "82", "missing_lines": 3, "excluded_lines": 0, "num_branches": 22, "num_partial_branches": 4, "covered_branches": 16, "missing_branches": 6}, "missing_lines": [375, 395, 396], "excluded_lines": [], "executed_branches": [[354, 355], [354, 361], [355, 354], [355, 356], [357, 358], [362, 363], [362, 366], [367, 368], [367, 373], [368, 369], [374, 377], [378, 379], [378, 382], [382, 383], [382, 399], [393, 394]], "missing_branches": [[357, 354], [368, 367], [374, 375], [393, 395], [395, 396], [395, 399]]}, "MeshTopology.start_auto_update": {"executed_lines": [], "summary": {"covered_lines": 0, "num_statements": 6, "percent_covered": 0.0, "percent_covered_display": "0", "missing_lines": 6, "excluded_lines": 0, "num_branches": 2, "num_partial_branches": 0, "covered_branches": 0, "missing_branches": 2}, "missing_lines": [403, 404, 406, 407, 408, 409], "excluded_lines": [], "executed_branches": [], "missing_branches": [[403, 404], [403, 406]]}, "MeshTopology.stop_auto_update": {"executed_lines": [], "summary": {"covered_lines": 0, "num_statements": 3, "percent_covered": 0.0, "percent_covered_display": "0", "missing_lines": 3, "excluded_lines": 0, "num_branches": 2, "num_partial_branches": 0, "covered_branches": 0, "missing_branches": 2}, "missing_lines": [413, 414, 415], "excluded_lines": [], "executed_branches": [], "missing_branches": [[414, -411], [414, 415]]}, "MeshTopology._auto_update_loop": {"executed_lines": [], "summary": {"covered_lines": 0, "num_statements": 10, "percent_covered": 0.0, "percent_covered_display": "0", "missing_lines": 10, "excluded_lines": 0, "num_branches": 6, "num_partial_branches": 0, "covered_branches": 0, "missing_branches": 6}, "missing_lines": [419, 420, 421, 423, 424, 425, 426, 428, 430, 431], "excluded_lines": [], "executed_branches": [], "missing_branches": [[419, -417], [419, 420], [423, 424], [423, 428], [425, 426], [425, 428]]}, "MeshTopology.get_topology_metrics": {"executed_lines": [437, 438, 441, 442, 445, 446, 447, 448, 454, 457, 458, 462, 464, 468, 477, 478, 479, 480, 482], "summary": {"covered_lines": 19, "num_statements": 31, "percent_covered": 62.7906976744186, "percent_covered_display": "63", "missing_lines": 12, "excluded_lines": 0, "num_branches": 12, "num_partial_branches": 4, "covered_branches": 8, "missing_branches": 4}, "missing_lines": [449, 450, 451, 452, 459, 465, 466, 469, 470, 472, 473, 474], "excluded_lines": [], "executed_branches": [[441, 442], [446, 447], [446, 454], [448, 446], [458, 462], [464, 468], [478, 479], [478, 482]], "missing_branches": [[441, 472], [448, 449], [458, 459], [464, 465]]}, "MeshTopology.visualize_topology": {"executed_lines": [], "summary": {"covered_lines": 0, "num_statements": 14, "percent_covered": 0.0, "percent_covered_display": "0", "missing_lines": 14, "excluded_lines": 0, "num_branches": 6, "num_partial_branches": 0, "covered_branches": 0, "missing_branches": 6}, "missing_lines": [517, 518, 519, 521, 527, 530, 531, 532, 534, 541, 544, 545, 546, 552], "excluded_lines": [], "executed_branches": [], "missing_branches": [[518, 519], [518, 530], [531, 532], [531, 544], [545, 546], [545, 552]]}, "MeshTopology._get_node_color": {"executed_lines": [], "summary": {"covered_lines": 0, "num_statements": 7, "percent_covered": 0.0, "percent_covered_display": "0", "missing_lines": 7, "excluded_lines": 0, "num_branches": 6, "num_partial_branches": 0, "covered_branches": 0, "missing_branches": 6}, "missing_lines": [567, 568, 569, 570, 571, 572, 574], "excluded_lines": [], "executed_branches": [], "missing_branches": [[567, 568], [567, 569], [569, 570], [569, 571], [571, 572], [571, 574]]}, "MeshTopology._get_edge_color": {"executed_lines": [], "summary": {"covered_lines": 0, "num_statements": 5, "percent_covered": 0.0, "percent_covered_display": "0", "missing_lines": 5, "excluded_lines": 0, "num_branches": 4, "num_partial_branches": 0, "covered_branches": 0, "missing_branches": 4}, "missing_lines": [578, 579, 580, 581, 583], "excluded_lines": [], "executed_branches": [], "missing_branches": [[578, 579], [578, 580], [580, 581], [580, 583]]}, "TopologyModifier.__init__": {"executed_lines": [], "summary": {"
[...]
224], [224, -222], [224, 225], [225, 224], [242, 243], [242, 250], [243, 244], [243, 246], [250, 251], [250, 253], [260, 261], [262, 263], [263, 264], [263, 271], [264, 263], [264, 265], [271, 272], [271, 280], [273, 274], [273, 280], [274, 275], [275, 273], [275, 276]], "missing_branches": [[213, -212], [215, 216], [223, -222], [225, 230], [260, 271], [262, 268], [268, 269], [268, 271], [274, 278], [278, 273], [278, 279]]}, "": {"executed_lines": [4, 5, 7, 9, 10, 11, 13, 16, 18, 19, 23, 25, 26, 27, 28, 30, 33, 35, 38, 41, 42, 43, 44, 45, 46, 47, 48, 49, 50, 51, 52, 53, 59, 62, 65, 66, 68, 71, 72, 73, 74, 75, 76, 77, 79, 80, 81, 83, 84, 85, 87, 90, 91, 93, 95, 98, 100, 101, 102, 103, 104, 106, 108, 110, 113, 117, 119, 122, 124, 125, 126, 127, 128, 130, 131, 133, 136, 138, 139, 140, 142, 144, 145, 147, 150, 160, 161, 162, 164, 165, 166, 167, 168, 169, 172, 173, 174, 175, 180, 182, 187, 189, 191, 194, 195, 197, 198, 200, 209, 212, 222, 237, 255], "summary": {"covered_lines": 112, "num_statements": 113, "percent_covered": 98.70967741935483, "percent_covered_display": "99", "missing_lines": 1, "excluded_lines": 0, "num_branches": 42, "num_partial_branches": 1, "covered_branches": 41, "missing_branches": 1}, "missing_lines": [36], "excluded_lines": [], "executed_branches": [[25, 26], [25, 30], [35, 38], [44, 45], [44, 52], [47, 44], [47, 48], [50, 47], [50, 51], [52, 53], [52, 59], [74, 75], [74, 93], [76, 77], [76, 87], [77, 76], [77, 79], [79, 80], [79, 83], [83, 84], [83, 85], [102, 103], [102, 110], [125, 126], [125, 133], [127, 128], [127, 130], [130, 125], [130, 131], [164, -150], [164, 165], [166, 167], [166, 189], [168, 169], [168, 172], [172, 173], [172, 187], [173, 174], [173, 182], [174, 175], [174, 180]], "missing_branches": [[35, 36]]}}}, "reservoirpy/utils/model_utils.py": {"executed_lines": [4, 5, 6, 8, 10, 11, 14, 17, 19, 23, 24, 26, 28, 30, 33, 38, 39, 40, 41, 42, 43, 44, 46, 48, 51, 53, 56, 57, 58, 59, 64, 66, 69, 73, 74, 75, 76, 79, 81, 82, 83, 86, 87, 88, 92, 95, 97, 98, 99, 100, 101, 103, 110, 112, 115, 117, 118, 126, 128, 129, 130, 131, 133, 136, 139, 140, 141, 143, 144, 145, 146, 148, 149, 151, 154, 156, 158, 159, 160, 162, 164, 166, 167, 168, 170, 172], "summary": {"covered_lines": 86, "num_statements": 90, "percent_covered": 94.02985074626865, "percent_covered_display": "94", "missing_lines": 4, "excluded_lines": 0, "num_branches": 44, "num_partial_branches": 4, "covered_branches": 40, "missing_branches": 4}, "missing_lines": [90, 105, 119, 120], "excluded_lines": [], "executed_branches": [[39, 40], [39, 48], [40, 41], [40, 46], [41, 39], [41, 42], [42, 43], [56, 57], [56, 58], [58, 59], [58, 64], [73, 74], [73, 86], [75, 76], [75, 83], [76, 79], [76, 81], [86, 87], [86, 92], [87, 88], [98, 99], [98, 110], [99, 100], [99, 101], [101, 103], [118, 126], [129, 130], [129, 133], [140, 141], [140, 143], [144, 145], [144, 148], [145, 144], [145, 146], [148, 149], [148, 151], [159, 160], [159, 162], [166, 167], [166, 170]], "missing_branches": [[42, 44], [87, 90], [101, 105], [118, 119]], "functions": {"build_forward_sumodels": {"executed_lines": [17, 19, 23, 24, 26, 28, 30], "summary": {"covered_lines": 7, "num_statements": 7, "percent_covered": 100.0, "percent_covered_display": "100", "missing_lines": 0, "excluded_lines": 0, "num_branches": 0, "num_partial_branches": 0, "covered_branches": 0, "missing_branches": 0}, "missing_lines": [], "excluded_lines": [], "executed_branches": [], "missing_branches": []}, "dist_states_to_next_subgraph": {"executed_lines": [38, 39, 40, 41, 42, 43, 44, 46, 48], "summary": {"covered_lines": 9, "num_statements": 9, "percent_covered": 94.11764705882354, "percent_covered_display": "94", "missing_lines": 0, "excluded_lines": 0, "num_branches": 8, "num_partial_branches": 1, "covered_branches": 7, "missing_branches": 1}, "missing_lines": [], "excluded_lines": [], "executed_branches": [[39, 40], [39, 48], [40, 41], [40, 46], [41, 39], [41, 42], [42, 43]], "missing_branches": [[42, 44]]}, "allocate_returned_states": {"executed_lines": [53, 56, 57, 58, 59, 64, 66], "summary": {"covered_lines": 7, "num_statements": 7, "percent_covered": 100.0, "percent_covered_display": "100", "missing_lines": 0, "excluded_lines": 0, "num_branches": 4, "num_partial_branches": 0, "covered_branches": 4, "missing_branches": 0}, "missing_lines": [], "excluded_lines": [], "executed_branches": [[56, 57], [56, 58], [58, 59], [58, 64]], "missing_branches": []}, "to_ragged_seq_set": {"executed_lines": [73, 74, 75, 76, 79, 81, 82, 83, 86, 87, 88, 92], "summary": {"covered_lines": 12, "num_statements": 13, "percent_covered": 91.30434782608695, "percent_covered_display": "91", "missing_lines": 1, "excluded_lines": 0, "num_branches": 10, "num_partial_branches": 1, "covered_branches": 9, "missing_branches": 1}, "missing_lines": [90], "excluded_lines": [], "executed_branches": [[73, 74], [73, 86], [75, 76], [75, 83], [76, 79], [76, 81], [86, 87], [86, 92], [87, 88]], "missing_branches": [[87, 90]]}, "build_mapping": {"executed_lines": [97, 98, 99, 100, 101, 103, 110, 112], "summary": {"covered_lines": 8, "num_statements": 9, "percent_covered": 86.66666666666667, "percent_covered_display": "87", "missing_lines": 1, "excluded_lines": 0, "num_branches": 6, "num_partial_branches": 1, "covered_branches": 5, "missing_branches": 1}, "missing_lines": [105], "excluded_lines": [], "executed_branches": [[98, 99], [98, 110], [99, 100], [99, 101], [101, 103]], "missing_branches": [[101, 105]]}, "unfold_mapping": {"executed_lines": [117, 118, 126, 128, 129, 130, 131, 133], "summary": {"covered_lines": 8, "num_statements": 10, "percent_covered": 78.57142857142857, "percent_covered_display": "79", "missing_lines": 2, "excluded_lines": 0, "num_branches": 4, "num_partial_branches": 1, "covered_branches": 3, "missing_branches": 1}, "missing_lines": [119, 120], "excluded_lines": [], "executed_branches": [[118, 126], [129, 130], [129, 133]], "missing_branches": [[118, 119]]}, "fold_mapping": {"executed_lines": [139, 140, 141, 143, 144, 145, 146, 148, 149, 151], "summary": {"covered_lines": 10, "num_statements": 10, "percent_covered": 100.0, "percent_covered_display": "100", "missing_lines": 0, "excluded_lines": 0, "num_branches": 8, "num_partial_branches": 0, "covered_branches": 8, "missing_branches": 0}, "missing_lines": [], "excluded_lines": [], "executed_branches": [[140, 141], [140, 143], [144, 145], [144, 148], [145, 144], [145, 146], [148, 149], [148, 151]], "missing_branches": []}, "to_data_mapping": {"executed_lines": [156, 158, 159, 160, 162, 164, 166, 167, 168, 170, 172], "summary": {"covered_lines": 11, "num_statements": 11, "percent_covered": 100.0, "percent_covered_display": "100", "missing_lines": 0, "excluded_lines": 0, "num_branches": 4, "num_partial_branches": 0, "covered_branches": 4, "missing_branches": 0}, "missing_lines": [], "excluded_lines": [], "executed_branches": [[159, 160], [159, 162], [166, 167], [166, 170]], "missing_branches": []}, "": {"executed_lines": [4, 5, 6, 8, 10, 11, 14, 33, 51, 69, 95, 115, 136, 154], "summary": {"covered_lines": 14, "num_statements": 14, "percent_covered": 100.0, "percent_covered_display": "100", "missing_lines": 0, "excluded_lines": 0, "num_branches": 0, "num_partial_branches": 0, "covered_branches": 0, "missing_branches": 0}, "missing_lines": [], "excluded_lines": [], "executed_branches": [], "missing_branches": []}}, "classes": {"": {"executed_lines": [4, 5, 6, 8, 10, 11, 14, 17, 19, 23, 24, 26, 28, 30, 33, 38, 39, 40, 41, 42, 43, 44, 46, 48, 51, 53, 56, 57, 58, 59, 64, 66, 69, 73, 74, 75, 76, 79, 81, 82, 83, 86, 87, 88, 92, 95, 97, 98, 99, 100, 101, 103, 110, 112, 115, 117, 118, 126, 128, 129, 130, 131, 133, 136, 139, 140, 141, 143, 144, 145, 146, 148, 149, 151, 154, 156, 158, 159, 160, 162, 164, 166, 167, 168, 170, 172], "summary": {"covered_lines": 86, "num_statements": 90, "percent_covered": 94.02985074626865, "percent_covered_display": "94", "missing_lines": 4, "excluded_lines": 0, "num_branches": 44, "num_partial_branches": 4, "covered_branches": 40, "missing_branches": 4}, "missing_lines": [90, 105, 119, 120], "excluded_lines": [], "executed_branches": [[39, 40], [39, 48], [40, 41], [40, 46], [41, 39], [41, 42], [42, 43], [56, 57], [56, 58], [58, 59], [58, 64], [73, 74], [73, 86], [75, 76], [75, 83], [76, 79], [76, 81], [86, 87], [86, 92], [87, 88], [98, 99], [98, 110], [99, 100], [99, 101], [101, 103], [118, 126], [129, 130], [129, 133], [140, 141], [140, 143], [144, 145], [144, 148], [145, 144], [145, 146], [148, 149], [148, 151], [159, 160], [159, 162], [166, 167], [166, 170]], "missing_branches": [[42, 44], [87, 90], [101, 105], [118, 119]]}}}, "reservoirpy/utils/parallel.py": {"executed_lines": [4, 5, 6, 7, 8, 10, 12, 14, 19, 22, 24, 27, 41, 53, 55, 59, 60, 61, 67, 69, 71, 72, 74, 76, 79, 82, 85, 86, 87, 88, 89, 90], "summary": {"covered_lines": 32, "num_statements": 45, "percent_covered": 60.317460317460316, "percent_covered_display": "60", "missing_lines": 13, "excluded_lines": 0, "num_branches": 18, "num_partial_branches": 4, "covered_branches": 6, "missing_branches": 12}, "missing_lines": [20, 28, 29, 30, 31, 32, 34, 38, 43, 44, 46, 62, 77], "excluded_lines": [], "executed_branches": [[19, 22], [60, 61], [61, 67], [76, 79], [86, -82], [86, 87]], "missing_branches": [[19, 20], [28, 29], [28, 38], [29, 30], [29, 31], [31, 32], [31, 34], [43, 44], [43, 46], [60, 67], [61, 62], [76, 77]], "functions": {"get_joblib_backend": {"executed_lines": [], "summary": {"covered_lines": 0, "num_statements": 7, "percent_covered": 0.0, "percent_covered_display": "0", "missing_lines": 7, "excluded_lines": 0, "num_branches": 6, "num_partial_branches": 0, "covered_branches": 0, "missing_branches": 6}, "missing_lines": [28, 29, 30, 31, 32, 34, 38], "excluded_lines": [], "executed_branches": [], "missing_branches": [[28, 29], [28, 38], [29, 30], [29, 31], [31, 32], [31, 34]]}, "set_joblib_backend": {"executed_lines": [], "summary": {"covered_lines": 0, "num_statements": 3, "percent_covered": 0.0, "percent_covered_display": "0", "missing_lines": 3, "excluded_lines": 0, "num_branches": 2, "num_partial_branches": 0, "covered_branches": 0, "missing_branches": 2}, "missing_lines": [43, 44, 46], "excluded_lines": [], "executed_branches": [], "missing_branches": [[43, 44], [43, 46]]}, "memmap_buffer": {"executed_lines": [55, 59, 60, 61, 67, 69, 71, 72, 74, 76, 79], "summary": {"covered_lines": 11, "num_statements": 13, "percent_covered": 73.6842105263158, "percent_covered_display": "74", "missing_lines": 2, "excluded_lines": 0, "num_branches": 6, "num_partial_branches": 3, "covered_branches": 3, "missing_branches": 3}, "missing_lines": [62, 77], "excluded_lines": [], "executed_branches": [[60, 61], [61, 67], [76, 79]], "missing_branches": [[60, 67], [61, 62], [76, 77]]}, "clean_tempfile": {"executed_lines": [85, 86, 87, 88, 89, 90], "summary": {"covered_lines": 6, "num_statements": 6, "percent_covered": 100.0, "percent_covered_display": "100", "missing_lines": 0, "excluded_lines": 0, "num_branches": 2, "num_partial_branches": 0, "covered_branches": 2, "missing_branches": 0}, "missing_lines": [], "excluded_lines": [], "executed_branches": [[86, -82], [86, 87]], "missing_branches": []}, "": {"executed_lines": [4, 5, 6, 7, 8, 10, 12, 14, 19, 22, 24, 27, 41, 53, 82], "summary": {"covered_lines": 15, "num_statements": 16, "percent_covered": 88.88888888888889, "percent_covered_display": "89", "missing_lines": 1, "excluded_lines": 0, "num_branches": 2, "num_partial_branches": 1, "covered_branches": 1, "missing_branches": 1}, "missing_lines": [20], "excluded_lines": [], "executed_branches": [[19, 22]], "missing_branches": [[19, 20]]}}, "classes": {"": {"executed_lines": [4, 5, 6, 7, 8, 10, 12, 14, 19, 22, 24, 27, 41, 53, 55, 59, 60, 61, 67, 69, 71, 72, 74, 76, 79, 82, 85, 86, 87, 88, 89, 90], "summary": {"covered_lines": 32, "num_statements": 45, "percent_covered": 60.317460317460316, "percent_covered_display": "60", "missing_lines": 13, "excluded_lines": 0, "num_branches": 18, "num_partial_branches": 4, "covered_branches": 6, "missing_branches": 12}, "missing_lines": [20, 28, 29, 30, 31, 32, 34, 38, 43, 44, 46, 62, 77], "excluded_lines": [], "executed_branches": [[19, 22], [60, 61], [61, 67], [76, 79], [86, -82], [86, 87]], "missing_branches": [[19, 20], [28, 29], [28, 38], [29, 30], [29, 31], [31, 32], [31, 34], [43, 44], [43, 46], [60, 67], [61, 62], [76, 77]]}}}, "reservoirpy/utils/random.py": {"executed_lines": [4, 6, 7, 9, 10, 13, 30, 31, 32, 37, 42, 43, 45, 48, 73, 76], "summary": {"covered_lines": 16, "num_statements": 25, "percent_covered": 62.857142857142854, "percent_covered_display": "63", "missing_lines": 9, "excluded_lines": 0, "num_branches": 10, "num_partial_branches": 2, "covered_branches": 6, "missing_branches": 4}, "missing_lines": [22, 23, 24, 25, 27, 38, 39, 40, 74], "excluded_lines": [], "executed_branches": [[31, 32], [31, 37], [37, 42], [42, 43], [42, 45], [73, 76]], "missing_branches": [[22, 23], [22, 27], [37, 38], [73, 74]], "functions": {"set_seed": {"executed_lines": [], "summary": {"covered_lines": 0, "num_statements": 5, "percent_covered": 0.0, "percent_covered_display": "0", "missing_lines": 5, "excluded_lines": 0, "num_branches": 2, "num_partial_branches": 0, "covered_branches": 0, "missing_branches": 2}, "missing_lines": [22, 23, 24, 25, 27], "excluded_lines": [], "executed_branches": [], "missing_branches": [[22, 23], [22, 27]]}, "rand_generator": {"executed_lines": [31, 32, 37, 42, 43, 45], "summary": {"covered_lines": 6, "num_statements": 9, "percent_covered": 73.33333333333333, "percent_covered_display": "73", "missing_lines": 3, "excluded_lines": 0, "num_branches": 6, "num_partial_branches": 1, "covered_branches": 5, "missing_branches": 1}, "missing_lines": [38, 39, 40], "excluded_lines": [], "executed_branches": [[31, 32], [31, 37], [37, 42], [42, 43], [42, 45]], "missing_branches": [[37, 38]]}, "noise": {"executed_lines": [73, 76], "summary": {"covered_lines": 2, "num_statements": 3, "percent_covered": 60.0, "percent_covered_display": "60", "missing_lines": 1, "excluded_lines": 0, "num_branches": 2, "num_partial_branches": 1, "covered_branches": 1, "missing_branches": 1}, "missing_lines": [74], "excluded_lines": [], "executed_branches": [[73, 76]], "missing_branches": [[73, 74]]}, "": {"executed_lines": [4, 6, 7, 9, 10, 13, 30, 48], "summary": {"covered_lines": 8, "num_statements": 8, "percent_covered": 100.0, "percent_covered_display": "100", "missing_lines": 0, "excluded_lines": 0, "num_branches": 0, "num_partial_branches": 0, "covered_branches": 0, "missing_branches": 0}, "missing_lines": [], "excluded_lines": [], "executed_branches": [], "missing_branches": []}}, "classes": {"": {"executed_lines": [4, 6, 7, 9, 10, 13, 30, 31, 32, 37, 42, 43, 45, 48, 73, 76], "summary": {"covered_lines": 16, "num_statements": 25, "percent_covered": 62.857142857142854, "percent_covered_display": "63", "missing_lines": 9, "excluded_lines": 0, "num_branches": 10, "num_partial_branches": 2, "covered_branches": 6, "missing_branches": 4}, "missing_lines": [22, 23, 24, 25, 27, 38, 39, 40, 74], "excluded_lines": [], "executed_branches": [[31, 32], [31, 37], [37, 42], [42, 43], [42, 45], [73, 76]], "missing_branches": [[22, 23], [22, 27], [37, 38], [73, 74]]}}}, "reservoirpy/utils/validation.py": {"executed_lines": [4, 5, 7, 8, 88, 89, 92, 93, 96, 97, 107, 119, 120, 121, 122, 123, 127, 129, 130, 132, 136, 138, 142, 143, 145, 146, 147, 151, 155], "summary": {"covered_lines": 29, "num_statements": 41, "percent_covered": 66.66666666666667, "percent_covered_display": "67", "missing_lines": 12, "excluded_lines": 0, "num_branches": 22, "num_partial_branches": 3, "covered_branches": 13, "missing_branches": 9}, "missing_lines": [108, 109, 110, 111, 112, 113, 114, 115, 116, 125, 139, 140], "excluded_lines": [], "executed_branches": [[121, 122], [121, 127], [122, 123], [127, 129], [127, 138], [129, 130], [129, 132], [138, 142], [142, 143], [145, 146], [145, 155], [146, 147], [146, 155]], "missing_branches": [[108, 109], [108, 111], [111, -107], [111, 112], [113, 114], [113, 116], [122, 125], [138, 139], [142, 145]], "functions": {"is_sequence_set": {"executed_lines": [89], "summary": {"covered_lines": 1, "num_statements": 1, "percent_covered": 100.0, "percent_covered_display": "100", "missing_lines": 0, "excluded_lines": 0, "num_branches": 0, "num_partial_branches": 0, "covered_branches": 0, "missing_branches": 0}, "missing_lines": [], "excluded_lines": [], "executed_branches": [], "missing_branches": []}, "is_array": {"executed_lines": [93], "summary": {"covered_lines": 1, "num_statements": 1, "percent_covered": 100.0, "percent_covered_display": "100", "missing_lines": 0, "excluded_lines": 0, "num_branches": 0, "num_partial_branches": 0, "covered_branches": 0, "missing_branches": 0}, "missing_lines": [], "excluded_lines": [], "executed_branches": [], "missing_branches": []}, "is_mapping": {"executed_lines": [97], "summary": {"covered_lines": 1, "num_statements": 1, "percent_covered": 100.0, "percent_covered_display": "100", "missing_lines": 0, "excluded_lines": 0, "num_branches": 0, "num_partial_branches": 0, "covered_branches": 0, "missing_branches": 0}, "missing_lines": [], "excluded_lines": [], "executed_branches": [], "missing_branches": []}, "add_bias": {"executed_lines": [], "summary": {"covered_lines": 0, "num_statements": 9, "percent_covered": 0.0, "percent_covered_display": "0", "missing_lines": 9, "excluded_lines": 0, "num_branches": 6, "num_partial_branches": 0, "covered_branches": 0, "missing_branches": 6}, "missing_lines": [108, 109, 110, 111, 112, 113, 114, 115, 116], "excluded_lines": [], "executed_branches": [], "missing_branches": [[108, 109], [108, 111], [111, -107], [111, 112], [113, 114], [113, 116]]}, "check_vector": {"executed_lines": [120, 121, 122, 123, 127, 129, 130, 132, 136, 138, 142, 143, 145, 146, 147, 151, 155], "summary": {"covered_lines": 17, "num_statements": 20, "percent_covered": 83.33333333333333, "percent_covered_display": "83", "missing_lines": 3, "excluded_lines": 0, "num_branches": 16, "num_partial_branches": 3, "covered_branches": 13, "missing_branches": 3}, "missing_lines": [125, 139, 140], "excluded_lines": [], "executed_branches": [[121, 122], [121, 127], [122, 123], [127, 129], [127, 138], [129, 130], [129, 132], [138, 142], [142, 143], [145, 146], [145, 155], [146, 147], [146, 155]], "missing_branches": [[122, 125], [138, 139], [142, 145]]}, "": {"executed_lines": [4, 5, 7, 8, 88, 92, 96, 107, 119], "summary": {"covered_lines": 9, "num_statements": 9, "percent_covered": 100.0, "percent_covered_display": "100", "missing_lines": 0, "excluded_lines": 0, "num_branches": 0, "num_partial_branches": 0, "covered_branches": 0, "missing_branches": 0}, "missing_lines": [], "excluded_lines": [], "executed_branches": [], "missing_branches": []}}, "classes": {"": {"executed_lines": [4, 5, 7, 8, 88, 89, 92, 93, 96, 97, 107, 119, 120, 121, 122, 123, 127, 129, 130, 132, 136, 138, 142, 143, 145, 146, 147, 151, 155], "summary": {"covered_lines": 29, "num_statements": 41, "percent_covered": 66.66666666666667, "percent_covered_display": "67", "missing_lines": 12, "excluded_lines": 0, "num_branches": 22, "num_partial_branches": 3, "covered_branches": 13, "missing_branches": 9}, "missing_lines": [108, 109, 110, 111, 112, 113, 114, 115, 116, 125, 139, 140], "excluded_lines": [], "executed_branches": [[121, 122], [121, 127], [122, 123], [127, 129], [127, 138], [129, 130], [129, 132], [138, 142], [142, 143], [145, 146], [145, 155], [146, 147], [146, 155]], "missing_branches": [[108, 109], [108, 111], [111, -107], [111, 112], [113, 114], [113, 116], [122, 125], [138, 139], [142, 145]]}}}}, "totals": {"covered_lines": 4014, "num_statements": 9100, "percent_covered": 41.60925196850393, "percent_covered_display": "42", "missing_lines": 5086, "excluded_lines": 78, "num_branches": 3092, "num_partial_branches": 223, "covered_branches": 1059, "missing_branches": 2033}}